#
# There is insufficient memory for the Java Runtime Environment to continue.
# Native memory allocation (mmap) failed to map 640679936 bytes for committing reserved memory.
# Possible reasons:
#   The system is out of physical RAM or swap space
#   In 32 bit mode, the process size limit was hit
# Possible solutions:
#   Reduce memory load on the system
#   Increase physical memory or swap space
#   Check if swap backing store is full
#   Use 64 bit Java on a 64 bit OS
#   Decrease Java heap size (-Xmx/-Xms)
#   Decrease number of Java threads
#   Decrease Java thread stack sizes (-Xss)
#   Set larger code cache with -XX:ReservedCodeCacheSize=
# This output file may be truncated or incomplete.
#
#  Out of Memory Error (os_linux.cpp:2643), pid=11267, tid=0x00007fb53e742700
#
# JRE version: OpenJDK Runtime Environment (8.0_131-b11) (build 1.8.0_131-8u131-b11-2ubuntu1.16.04.3-b11)
# Java VM: OpenJDK 64-Bit Server VM (25.131-b11 mixed mode linux-amd64 compressed oops)
# Failed to write core dump. Core dumps have been disabled. To enable core dumping, try "ulimit -c unlimited" before starting Java again
#

---------------  T H R E A D  ---------------

Current thread (0x0000000006735800):  VMThread [stack: 0x00007fb53e642000,0x00007fb53e743000] [id=11359]

Stack: [0x00007fb53e642000,0x00007fb53e743000],  sp=0x00007fb53e741380,  free space=1020k
Native frames: (J=compiled Java code, j=interpreted, Vv=VM code, C=native code)
V  [libjvm.so+0xa6a1bb]
V  [libjvm.so+0x4c5a6c]
V  [libjvm.so+0x8b85a0]
V  [libjvm.so+0x8b2a1e]
V  [libjvm.so+0x92d556]
V  [libjvm.so+0x91cbba]
V  [libjvm.so+0x91cdc3]
V  [libjvm.so+0x91d728]
V  [libjvm.so+0x9239ee]
V  [libjvm.so+0x92b3bd]
V  [libjvm.so+0x8dd093]
V  [libjvm.so+0xa6be72]
V  [libjvm.so+0xa70f57]
V  [libjvm.so+0xa6e727]
V  [libjvm.so+0xa6fbaf]
V  [libjvm.so+0xa700a1]
V  [libjvm.so+0x8b5a82]

VM_Operation (0x00007fff53401e80): ParallelGCFailedAllocation, mode: safepoint, requested by thread 0x0000000006713800


---------------  P R O C E S S  ---------------

Java Threads: ( => current thread )
  0x0000000008f14800 JavaThread "Service Thread" daemon [_thread_blocked, id=11367, stack(0x00007fb53de3a000,0x00007fb53df3b000)]
  0x0000000008f12000 JavaThread "C1 CompilerThread3" daemon [_thread_blocked, id=11366, stack(0x00007fb53df3b000,0x00007fb53e03c000)]
  0x0000000008f11000 JavaThread "C2 CompilerThread2" daemon [_thread_blocked, id=11365, stack(0x00007fb53e03c000,0x00007fb53e13d000)]
  0x0000000008f10800 JavaThread "C2 CompilerThread1" daemon [_thread_blocked, id=11364, stack(0x00007fb53e13d000,0x00007fb53e23e000)]
  0x0000000008f0f000 JavaThread "C2 CompilerThread0" daemon [_thread_blocked, id=11363, stack(0x00007fb53e23e000,0x00007fb53e33f000)]
  0x000000000685a800 JavaThread "Attach Listener" daemon [_thread_blocked, id=11362, stack(0x00007fb53e33f000,0x00007fb53e440000)]
  0x000000000673d000 JavaThread "Finalizer" daemon [_thread_blocked, id=11361, stack(0x00007fb53e440000,0x00007fb53e541000)]
  0x000000000673a000 JavaThread "Reference Handler" daemon [_thread_blocked, id=11360, stack(0x00007fb53e541000,0x00007fb53e642000)]
  0x0000000006713800 JavaThread "main" [_thread_blocked, id=11267, stack(0x00007fff53309000,0x00007fff53409000)]

Other Threads:
=>0x0000000006735800 VMThread [stack: 0x00007fb53e642000,0x00007fb53e743000] [id=11359]
  0x0000000008f15800 WatcherThread [stack: 0x00007fb53dd39000,0x00007fb53de3a000] [id=11368]

VM state:at safepoint (normal execution)

VM Mutex/Monitor currently owned by a thread:  ([mutex/lock_event])
[0x0000000005a71420] ExpandHeap_lock - owner thread: 0x0000000006735800
[0x00000000067a5e70] Threads_lock - owner thread: 0x0000000006735800
[0x0000000005bbbf10] Heap_lock - owner thread: 0x0000000006713800

Heap:
 PSYoungGen      total 883200K, used 374901K [0x000000076ab00000, 0x00000007bec00000, 0x00000007c0000000)
  eden space 417280K, 0% used [0x000000076ab00000,0x000000076ab00000,0x0000000784280000)
  from space 465920K, 80% used [0x0000000784280000,0x000000079b09d440,0x00000007a0980000)
  to   space 465920K, 0% used [0x00000007a2500000,0x00000007a2500000,0x00000007bec00000)
 ParOldGen       total 1835520K, used 1835090K [0x00000006c0000000, 0x0000000730080000, 0x000000076ab00000)
  object space 1835520K, 99% used [0x00000006c0000000,0x0000000730014958,0x0000000730080000)
 Metaspace       used 16370K, capacity 16808K, committed 17152K, reserved 1064960K
  class space    used 1856K, capacity 1980K, committed 2048K, reserved 1048576K

Card table byte_map: [0x00007fb54066f000,0x00007fb540e70000] byte_map_base: 0x00007fb53d06f000

Marking Bits: (ParMarkBitMap*) 0x00007fb55179c2c0
 Begin Bits: [0x00007fb500000000, 0x00007fb504000000)
 End Bits:   [0x00007fb504000000, 0x00007fb508000000)

Polling page: 0x00007fb57a8fe000

CodeCache: size=245760Kb used=8646Kb max_used=8674Kb free=237113Kb
 bounds [0x00007fb541230000, 0x00007fb541ac0000, 0x00007fb550230000]
 total_blobs=2586 nmethods=2229 adapters=271
 compilation: enabled

Compilation events (10 events):
Event: 41.043 Thread 0x0000000008f11000 2254       4       java.util.Arrays::fill (28 bytes)
Event: 41.053 Thread 0x0000000008f11000 nmethod 2254 0x00007fb54133e610 code [0x00007fb54133e760, 0x00007fb54133ec08]
Event: 41.064 Thread 0x0000000008f12000 2255       3       java.lang.reflect.Field::get (51 bytes)
Event: 41.064 Thread 0x0000000008f0f000 2256       4       java.util.LinkedHashMap::get (33 bytes)
Event: 41.065 Thread 0x0000000008f12000 nmethod 2255 0x00007fb5413a06d0 code [0x00007fb5413a08a0, 0x00007fb5413a0ee8]
Event: 41.077 Thread 0x0000000008f0f000 nmethod 2256 0x00007fb541aa1790 code [0x00007fb541aa1940, 0x00007fb541aa1fb0]
Event: 61.026 Thread 0x0000000008f10800 2257       4       java.util.regex.Pattern$BmpCharProperty::match (50 bytes)
Event: 61.029 Thread 0x0000000008f10800 nmethod 2257 0x00007fb541332010 code [0x00007fb541332180, 0x00007fb541332378]
Event: 61.521 Thread 0x0000000008f12000 2258       3       java.util.Formatter$Flags::contains (22 bytes)
Event: 61.521 Thread 0x0000000008f12000 nmethod 2258 0x00007fb541340f50 code [0x00007fb5413410c0, 0x00007fb5413412d0]

GC Heap History (10 events):
Event: 53.147 GC heap after
Heap after GC invocations=50 (full 6):
 PSYoungGen      total 861696K, used 465888K [0x000000076ab00000, 0x00000007bbc80000, 0x00000007c0000000)
  eden space 395776K, 0% used [0x000000076ab00000,0x000000076ab00000,0x0000000782d80000)
  from space 465920K, 99% used [0x000000079f480000,0x00000007bbb78050,0x00000007bbb80000)
  to   space 465920K, 0% used [0x0000000782d80000,0x0000000782d80000,0x000000079f480000)
 ParOldGen       total 1340416K, used 1225026K [0x00000006c0000000, 0x0000000711d00000, 0x000000076ab00000)
  object space 1340416K, 91% used [0x00000006c0000000,0x000000070ac508b8,0x0000000711d00000)
 Metaspace       used 16331K, capacity 16808K, committed 17152K, reserved 1064960K
  class space    used 1855K, capacity 1980K, committed 2048K, reserved 1048576K
}
Event: 53.147 GC heap before
{Heap before GC invocations=51 (full 7):
 PSYoungGen      total 861696K, used 465888K [0x000000076ab00000, 0x00000007bbc80000, 0x00000007c0000000)
  eden space 395776K, 0% used [0x000000076ab00000,0x000000076ab00000,0x0000000782d80000)
  from space 465920K, 99% used [0x000000079f480000,0x00000007bbb78050,0x00000007bbb80000)
  to   space 465920K, 0% used [0x0000000782d80000,0x0000000782d80000,0x000000079f480000)
 ParOldGen       total 1340416K, used 1225026K [0x00000006c0000000, 0x0000000711d00000, 0x000000076ab00000)
  object space 1340416K, 91% used [0x00000006c0000000,0x000000070ac508b8,0x0000000711d00000)
 Metaspace       used 16331K, capacity 16808K, committed 17152K, reserved 1064960K
  class space    used 1855K, capacity 1980K, committed 2048K, reserved 1048576K
Event: 60.668 GC heap after
Heap after GC invocations=51 (full 7):
 PSYoungGen      total 861696K, used 348804K [0x000000076ab00000, 0x00000007bbc80000, 0x00000007c0000000)
  eden space 395776K, 0% used [0x000000076ab00000,0x000000076ab00000,0x0000000782d80000)
  from space 465920K, 74% used [0x000000079f480000,0x00000007b4921068,0x00000007bbb80000)
  to   space 465920K, 0% used [0x0000000782d80000,0x0000000782d80000,0x000000079f480000)
 ParOldGen       total 1835520K, used 1340149K [0x00000006c0000000, 0x0000000730080000, 0x000000076ab00000)
  object space 1835520K, 73% used [0x00000006c0000000,0x0000000711cbd6f0,0x0000000730080000)
 Metaspace       used 16331K, capacity 16808K, committed 17152K, reserved 1064960K
  class space    used 1855K, capacity 1980K, committed 2048K, reserved 1048576K
}
Event: 62.093 GC heap before
{Heap before GC invocations=52 (full 7):
 PSYoungGen      total 861696K, used 744580K [0x000000076ab00000, 0x00000007bbc80000, 0x00000007c0000000)
  eden space 395776K, 100% used [0x000000076ab00000,0x0000000782d80000,0x0000000782d80000)
  from space 465920K, 74% used [0x000000079f480000,0x00000007b4921068,0x00000007bbb80000)
  to   space 465920K, 0% used [0x0000000782d80000,0x0000000782d80000,0x000000079f480000)
 ParOldGen       total 1835520K, used 1340149K [0x00000006c0000000, 0x0000000730080000, 0x000000076ab00000)
  object space 1835520K, 73% used [0x00000006c0000000,0x0000000711cbd6f0,0x0000000730080000)
 Metaspace       used 16370K, capacity 16808K, committed 17152K, reserved 1064960K
  class space    used 1856K, capacity 1980K, committed 2048K, reserved 1048576K
Event: 62.604 GC heap after
Heap after GC invocations=52 (full 7):
 PSYoungGen      total 861696K, used 465888K [0x000000076ab00000, 0x00000007bd080000, 0x00000007c0000000)
  eden space 395776K, 0% used [0x000000076ab00000,0x000000076ab00000,0x0000000782d80000)
  from space 465920K, 99% used [0x0000000782d80000,0x000000079f478060,0x000000079f480000)
  to   space 465920K, 0% used [0x00000007a0980000,0x00000007a0980000,0x00000007bd080000)
 ParOldGen       total 1835520K, used 1382898K [0x00000006c0000000, 0x0000000730080000, 0x000000076ab00000)
  object space 1835520K, 75% used [0x00000006c0000000,0x000000071467ca58,0x0000000730080000)
 Metaspace       used 16370K, capacity 16808K, committed 17152K, reserved 1064960K
  class space    used 1856K, capacity 1980K, committed 2048K, reserved 1048576K
}
Event: 64.070 GC heap before
{Heap before GC invocations=53 (full 7):
 PSYoungGen      total 861696K, used 861664K [0x000000076ab00000, 0x00000007bd080000, 0x00000007c0000000)
  eden space 395776K, 100% used [0x000000076ab00000,0x0000000782d80000,0x0000000782d80000)
  from space 465920K, 99% used [0x0000000782d80000,0x000000079f478060,0x000000079f480000)
  to   space 465920K, 0% used [0x00000007a0980000,0x00000007a0980000,0x00000007bd080000)
 ParOldGen       total 1835520K, used 1382898K [0x00000006c0000000, 0x0000000730080000, 0x000000076ab00000)
  object space 1835520K, 75% used [0x00000006c0000000,0x000000071467ca58,0x0000000730080000)
 Metaspace       used 16370K, capacity 16808K, committed 17152K, reserved 1064960K
  class space    used 1856K, capacity 1980K, committed 2048K, reserved 1048576K
Event: 64.620 GC heap after
Heap after GC invocations=53 (full 7):
 PSYoungGen      total 883200K, used 465888K [0x000000076ab00000, 0x00000007bd400000, 0x00000007c0000000)
  eden space 417280K, 0% used [0x000000076ab00000,0x000000076ab00000,0x0000000784280000)
  from space 465920K, 99% used [0x00000007a0980000,0x00000007bd078060,0x00000007bd080000)
  to   space 465920K, 0% used [0x0000000784280000,0x0000000784280000,0x00000007a0980000)
 ParOldGen       total 1835520K, used 1567538K [0x00000006c0000000, 0x0000000730080000, 0x000000076ab00000)
  object space 1835520K, 85% used [0x00000006c0000000,0x000000071facca58,0x0000000730080000)
 Metaspace       used 16370K, capacity 16808K, committed 17152K, reserved 1064960K
  class space    used 1856K, capacity 1980K, committed 2048K, reserved 1048576K
}
Event: 66.317 GC heap before
{Heap before GC invocations=54 (full 7):
 PSYoungGen      total 883200K, used 844346K [0x000000076ab00000, 0x00000007bd400000, 0x00000007c0000000)
  eden space 417280K, 90% used [0x000000076ab00000,0x0000000781c96818,0x0000000784280000)
  from space 465920K, 99% used [0x00000007a0980000,0x00000007bd078060,0x00000007bd080000)
  to   space 465920K, 0% used [0x0000000784280000,0x0000000784280000,0x00000007a0980000)
 ParOldGen       total 1835520K, used 1567538K [0x00000006c0000000, 0x0000000730080000, 0x000000076ab00000)
  object space 1835520K, 85% used [0x00000006c0000000,0x000000071facca58,0x0000000730080000)
 Metaspace       used 16370K, capacity 16808K, committed 17152K, reserved 1064960K
  class space    used 1856K, capacity 1980K, committed 2048K, reserved 1048576K
Event: 66.895 GC heap after
Heap after GC invocations=54 (full 7):
 PSYoungGen      total 883200K, used 465888K [0x000000076ab00000, 0x00000007bec00000, 0x00000007c0000000)
  eden space 417280K, 0% used [0x000000076ab00000,0x000000076ab00000,0x0000000784280000)
  from space 465920K, 99% used [0x0000000784280000,0x00000007a0978070,0x00000007a0980000)
  to   space 465920K, 0% used [0x00000007a2500000,0x00000007a2500000,0x00000007bec00000)
 ParOldGen       total 1835520K, used 1746290K [0x00000006c0000000, 0x0000000730080000, 0x000000076ab00000)
  object space 1835520K, 95% used [0x00000006c0000000,0x000000072a95ca58,0x0000000730080000)
 Metaspace       used 16370K, capacity 16808K, committed 17152K, reserved 1064960K
  class space    used 1856K, capacity 1980K, committed 2048K, reserved 1048576K
}
Event: 66.895 GC heap before
{Heap before GC invocations=55 (full 8):
 PSYoungGen      total 883200K, used 465888K [0x000000076ab00000, 0x00000007bec00000, 0x00000007c0000000)
  eden space 417280K, 0% used [0x000000076ab00000,0x000000076ab00000,0x0000000784280000)
  from space 465920K, 99% used [0x0000000784280000,0x00000007a0978070,0x00000007a0980000)
  to   space 465920K, 0% used [0x00000007a2500000,0x00000007a2500000,0x00000007bec00000)
 ParOldGen       total 1835520K, used 1746290K [0x00000006c0000000, 0x0000000730080000, 0x000000076ab00000)
  object space 1835520K, 95% used [0x00000006c0000000,0x000000072a95ca58,0x0000000730080000)
 Metaspace       used 16370K, capacity 16808K, committed 17152K, reserved 1064960K
  class space    used 1856K, capacity 1980K, committed 2048K, reserved 1048576K

Deoptimization events (10 events):
Event: 24.050 Thread 0x0000000006713800 Uncommon trap: reason=unstable_if action=reinterpret pc=0x00007fb5418d0360 method=java.util.regex.Pattern.compile()V @ 320
Event: 24.060 Thread 0x0000000006713800 Uncommon trap: reason=predicate action=maybe_recompile pc=0x00007fb541a70e94 method=java.util.regex.Pattern$Slice.match(Ljava/util/regex/Matcher;ILjava/lang/CharSequence;)Z @ 21
Event: 24.102 Thread 0x0000000006713800 Uncommon trap: reason=unstable_if action=reinterpret pc=0x00007fb541a09c28 method=edu.stanford.nlp.hcoref.data.Dictionaries.getWordsFromFile(Ljava/lang/String;Ljava/util/Set;Z)V @ 14
Event: 30.857 Thread 0x0000000006713800 Uncommon trap: reason=unstable_if action=reinterpret pc=0x00007fb5419ae9ac method=java.util.Arrays.fill([Ljava/lang/Object;IILjava/lang/Object;)V @ 13
Event: 30.868 Thread 0x0000000006713800 Uncommon trap: reason=array_check action=maybe_recompile pc=0x00007fb5413306f0 method=java.util.Arrays.fill([Ljava/lang/Object;IILjava/lang/Object;)V @ 20
Event: 30.868 Thread 0x0000000006713800 Uncommon trap: reason=array_check action=maybe_recompile pc=0x00007fb5413306f0 method=java.util.Arrays.fill([Ljava/lang/Object;IILjava/lang/Object;)V @ 20
Event: 30.868 Thread 0x0000000006713800 Uncommon trap: reason=array_check action=maybe_recompile pc=0x00007fb5413306f0 method=java.util.Arrays.fill([Ljava/lang/Object;IILjava/lang/Object;)V @ 20
Event: 30.868 Thread 0x0000000006713800 Uncommon trap: reason=array_check action=maybe_recompile pc=0x00007fb5413306f0 method=java.util.Arrays.fill([Ljava/lang/Object;IILjava/lang/Object;)V @ 20
Event: 30.899 Thread 0x0000000006713800 Uncommon trap: reason=predicate action=maybe_recompile pc=0x00007fb541a7f6c8 method=java.util.Arrays.fill([Ljava/lang/Object;IILjava/lang/Object;)V @ 16
Event: 41.062 Thread 0x0000000006713800 Uncommon trap: reason=unstable_if action=reinterpret pc=0x00007fb54151f760 method=java.lang.Integer.getChars(II[C)V @ 20

Internal exceptions (10 events):
Event: 3.103 Thread 0x0000000006713800 Implicit null exception at 0x00007fb5414759c3 to 0x00007fb541475ad5
Event: 10.650 Thread 0x0000000006713800 Implicit null exception at 0x00007fb54161c5ef to 0x00007fb54161c78d
Event: 12.270 Thread 0x0000000006713800 Exception <a 'java/lang/ClassNotFoundException': com/sun/org/glassfish/hk2/osgiresourcelocator/ServiceLoader> (0x000000076e438ae0) thrown at [/build/openjdk-8-pZyJp3/openjdk-8-8u131-b11/src/hotspot/src/share/vm/classfile/systemDictionary.cpp, line 210]
Event: 12.281 Thread 0x0000000006713800 Exception <a 'java/lang/NullPointerException'> (0x000000076e44e6a0) thrown at [/build/openjdk-8-pZyJp3/openjdk-8-8u131-b11/src/hotspot/src/share/vm/interpreter/linkResolver.cpp, line 1299]
Event: 12.303 Thread 0x0000000006713800 Implicit null exception at 0x00007fb541471d7b to 0x00007fb5414727c9
Event: 12.375 Thread 0x0000000006713800 Exception <a 'java/lang/ArrayIndexOutOfBoundsException'> (0x000000076e5d55a0) thrown at [/build/openjdk-8-pZyJp3/openjdk-8-8u131-b11/src/hotspot/src/share/vm/runtime/sharedRuntime.cpp, line 605]
Event: 12.375 Thread 0x0000000006713800 Exception <a 'java/lang/ArrayIndexOutOfBoundsException'> (0x000000076e5d6f18) thrown at [/build/openjdk-8-pZyJp3/openjdk-8-8u131-b11/src/hotspot/src/share/vm/runtime/sharedRuntime.cpp, line 605]
Event: 12.377 Thread 0x0000000006713800 Exception <a 'java/lang/ArrayIndexOutOfBoundsException': 65> (0x000000076e5d8870) thrown at [/build/openjdk-8-pZyJp3/openjdk-8-8u131-b11/src/hotspot/src/share/vm/interpreter/interpreterRuntime.cpp, line 366]
Event: 12.608 Thread 0x0000000006713800 Implicit null exception at 0x00007fb541487b95 to 0x00007fb541487cd9
Event: 13.554 Thread 0x0000000006713800 Implicit null exception at 0x00007fb5414aa0b3 to 0x00007fb5414aa499

Events (10 events):
Event: 61.521 loading class edu/stanford/nlp/scoref/FeatureExtractor done
Event: 62.093 Executing VM operation: ParallelGCFailedAllocation
Event: 62.604 Executing VM operation: ParallelGCFailedAllocation done
Event: 62.604 Executing VM operation: RevokeBias
Event: 62.604 Executing VM operation: RevokeBias done
Event: 62.604 Executing VM operation: RevokeBias
Event: 62.604 Executing VM operation: RevokeBias done
Event: 64.070 Executing VM operation: ParallelGCFailedAllocation
Event: 64.620 Executing VM operation: ParallelGCFailedAllocation done
Event: 66.317 Executing VM operation: ParallelGCFailedAllocation


Dynamic libraries:
00400000-013d1000 r-xp 00000000 08:04 1066523                            /usr/lib/rstudio/bin/rsession
015d0000-015ee000 r--p 00fd0000 08:04 1066523                            /usr/lib/rstudio/bin/rsession
015ee000-015f3000 rw-p 00fee000 08:04 1066523                            /usr/lib/rstudio/bin/rsession
015f3000-015fb000 rw-p 00000000 00:00 0 
02c9d000-093d8000 rw-p 00000000 00:00 0                                  [heap]
6c0000000-730080000 rw-p 00000000 00:00 0 
756380000-76ab00000 ---p 00000000 00:00 0 
76ab00000-7bec00000 rw-p 00000000 00:00 0 
7bec00000-7c0000000 ---p 00000000 00:00 0 
7c0000000-7c0200000 rw-p 00000000 00:00 0 
7c0200000-800000000 ---p 00000000 00:00 0 
7fb4d0000000-7fb4d0021000 rw-p 00000000 00:00 0 
7fb4d0021000-7fb4d4000000 ---p 00000000 00:00 0 
7fb4d8000000-7fb4d840e000 rw-p 00000000 00:00 0 
7fb4d840e000-7fb4dc000000 ---p 00000000 00:00 0 
7fb4dc000000-7fb4dc021000 rw-p 00000000 00:00 0 
7fb4dc021000-7fb4e0000000 ---p 00000000 00:00 0 
7fb4e0000000-7fb4e07a3000 rw-p 00000000 00:00 0 
7fb4e07a3000-7fb4e4000000 ---p 00000000 00:00 0 
7fb4e4000000-7fb4e442b000 rw-p 00000000 00:00 0 
7fb4e442b000-7fb4e8000000 ---p 00000000 00:00 0 
7fb4e8000000-7fb4e8021000 rw-p 00000000 00:00 0 
7fb4e8021000-7fb4ec000000 ---p 00000000 00:00 0 
7fb4ec000000-7fb4ec5b5000 rw-p 00000000 00:00 0 
7fb4ec5b5000-7fb4f0000000 ---p 00000000 00:00 0 
7fb4f0000000-7fb4f0021000 rw-p 00000000 00:00 0 
7fb4f0021000-7fb4f4000000 ---p 00000000 00:00 0 
7fb4f4000000-7fb4f4021000 rw-p 00000000 00:00 0 
7fb4f4021000-7fb4f8000000 ---p 00000000 00:00 0 
7fb4f8000000-7fb4f847f000 rw-p 00000000 00:00 0 
7fb4f847f000-7fb4fc000000 ---p 00000000 00:00 0 
7fb4fc000000-7fb4fc049000 rw-p 00000000 00:00 0 
7fb4fc049000-7fb500000000 ---p 00000000 00:00 0 
7fb500000000-7fb508000000 rw-p 00000000 00:00 0 
7fb508000000-7fb5083f2000 rw-p 00000000 00:00 0 
7fb5083f2000-7fb50c000000 ---p 00000000 00:00 0 
7fb510000000-7fb5103b1000 rw-p 00000000 00:00 0 
7fb5103b1000-7fb514000000 ---p 00000000 00:00 0 
7fb518000000-7fb5181ae000 rw-p 00000000 00:00 0 
7fb5181ae000-7fb51c000000 ---p 00000000 00:00 0 
7fb520000000-7fb52060a000 rw-p 00000000 00:00 0 
7fb52060a000-7fb524000000 ---p 00000000 00:00 0 
7fb528000000-7fb5281ba000 rw-p 00000000 00:00 0 
7fb5281ba000-7fb52c000000 ---p 00000000 00:00 0 
7fb530000000-7fb5300a0000 rw-p 00000000 00:00 0 
7fb5300a0000-7fb534000000 ---p 00000000 00:00 0 
7fb538000000-7fb5380bd000 rw-p 00000000 00:00 0 
7fb5380bd000-7fb53c000000 ---p 00000000 00:00 0 
7fb53d539000-7fb53d5f9000 rw-p 00000000 00:00 0 
7fb53d5f9000-7fb53d739000 ---p 00000000 00:00 0 
7fb53d739000-7fb53d939000 rw-p 00000000 00:00 0 
7fb53d939000-7fb53db39000 rw-p 00000000 00:00 0 
7fb53db39000-7fb53dd39000 rw-p 00000000 00:00 0 
7fb53dd39000-7fb53dd3a000 ---p 00000000 00:00 0 
7fb53dd3a000-7fb53de3a000 rw-p 00000000 00:00 0 
7fb53de3a000-7fb53de3d000 ---p 00000000 00:00 0 
7fb53de3d000-7fb53df3b000 rw-p 00000000 00:00 0 
7fb53df3b000-7fb53df3e000 ---p 00000000 00:00 0 
7fb53df3e000-7fb53e03c000 rw-p 00000000 00:00 0 
7fb53e03c000-7fb53e03f000 ---p 00000000 00:00 0 
7fb53e03f000-7fb53e13d000 rw-p 00000000 00:00 0 
7fb53e13d000-7fb53e140000 ---p 00000000 00:00 0 
7fb53e140000-7fb53e23e000 rw-p 00000000 00:00 0 
7fb53e23e000-7fb53e241000 ---p 00000000 00:00 0 
7fb53e241000-7fb53e33f000 rw-p 00000000 00:00 0 
7fb53e33f000-7fb53e342000 ---p 00000000 00:00 0 
7fb53e342000-7fb53e440000 rw-p 00000000 00:00 0 
7fb53e440000-7fb53e443000 ---p 00000000 00:00 0 
7fb53e443000-7fb53e541000 rw-p 00000000 00:00 0 
7fb53e541000-7fb53e544000 ---p 00000000 00:00 0 
7fb53e544000-7fb53e642000 rw-p 00000000 00:00 0 
7fb53e642000-7fb53e643000 ---p 00000000 00:00 0 
7fb53e643000-7fb53e743000 rw-p 00000000 00:00 0 
7fb53e743000-7fb53e911000 r--s 03c13000 08:04 445744                     /usr/lib/jvm/java-8-openjdk-amd64/jre/lib/rt.jar
7fb53e911000-7fb53f111000 rw-p 00000000 00:00 0 
7fb53f111000-7fb53f911000 rw-p 00000000 00:00 0 
7fb53f911000-7fb53f912000 ---p 00000000 00:00 0 
7fb53f912000-7fb53fa12000 rw-p 00000000 00:00 0 
7fb53fa12000-7fb53fa13000 ---p 00000000 00:00 0 
7fb53fa13000-7fb53fb13000 rw-p 00000000 00:00 0 
7fb53fb13000-7fb53fb14000 ---p 00000000 00:00 0 
7fb53fb14000-7fb53fc14000 rw-p 00000000 00:00 0 
7fb53fc14000-7fb53fc15000 ---p 00000000 00:00 0 
7fb53fc15000-7fb53fd15000 rw-p 00000000 00:00 0 
7fb53fd15000-7fb53fd16000 ---p 00000000 00:00 0 
7fb53fd16000-7fb53fe16000 rw-p 00000000 00:00 0 
7fb53fe16000-7fb53fe17000 ---p 00000000 00:00 0 
7fb53fe17000-7fb53ff17000 rw-p 00000000 00:00 0 
7fb53ff17000-7fb53ff18000 ---p 00000000 00:00 0 
7fb53ff18000-7fb540018000 rw-p 00000000 00:00 0 
7fb540018000-7fb540019000 ---p 00000000 00:00 0 
7fb540019000-7fb54049a000 rw-p 00000000 00:00 0 
7fb54049a000-7fb54066f000 ---p 00000000 00:00 0 
7fb54066f000-7fb5409f0000 rw-p 00000000 00:00 0 
7fb5409f0000-7fb540bc4000 ---p 00000000 00:00 0 
7fb540bc4000-7fb540e65000 rw-p 00000000 00:00 0 
7fb540e65000-7fb540e6f000 ---p 00000000 00:00 0 
7fb540e6f000-7fb540e93000 rw-p 00000000 00:00 0 
7fb540e93000-7fb541230000 ---p 00000000 00:00 0 
7fb541230000-7fb541ac0000 rwxp 00000000 00:00 0 
7fb541ac0000-7fb550230000 ---p 00000000 00:00 0 
7fb550230000-7fb550238000 r-xp 00000000 08:04 445771                     /usr/lib/jvm/java-8-openjdk-amd64/jre/lib/amd64/libzip.so
7fb550238000-7fb550437000 ---p 00008000 08:04 445771                     /usr/lib/jvm/java-8-openjdk-amd64/jre/lib/amd64/libzip.so
7fb550437000-7fb550438000 r--p 00007000 08:04 445771                     /usr/lib/jvm/java-8-openjdk-amd64/jre/lib/amd64/libzip.so
7fb550438000-7fb550439000 rw-p 00008000 08:04 445771                     /usr/lib/jvm/java-8-openjdk-amd64/jre/lib/amd64/libzip.so
7fb550439000-7fb550466000 r-xp 00000000 08:04 445786                     /usr/lib/jvm/java-8-openjdk-amd64/jre/lib/amd64/libjava.so
7fb550466000-7fb550665000 ---p 0002d000 08:04 445786                     /usr/lib/jvm/java-8-openjdk-amd64/jre/lib/amd64/libjava.so
7fb550665000-7fb550666000 r--p 0002c000 08:04 445786                     /usr/lib/jvm/java-8-openjdk-amd64/jre/lib/amd64/libjava.so
7fb550666000-7fb550668000 rw-p 0002d000 08:04 445786                     /usr/lib/jvm/java-8-openjdk-amd64/jre/lib/amd64/libjava.so
7fb550668000-7fb550677000 r-xp 00000000 08:04 445764                     /usr/lib/jvm/java-8-openjdk-amd64/jre/lib/amd64/libverify.so
7fb550677000-7fb550876000 ---p 0000f000 08:04 445764                     /usr/lib/jvm/java-8-openjdk-amd64/jre/lib/amd64/libverify.so
7fb550876000-7fb550878000 r--p 0000e000 08:04 445764                     /usr/lib/jvm/java-8-openjdk-amd64/jre/lib/amd64/libverify.so
7fb550878000-7fb550879000 rw-p 00010000 08:04 445764                     /usr/lib/jvm/java-8-openjdk-amd64/jre/lib/amd64/libverify.so
7fb550879000-7fb5514cd000 r-xp 00000000 08:04 445770                     /usr/lib/jvm/java-8-openjdk-amd64/jre/lib/amd64/server/libjvm.so
7fb5514cd000-7fb5516cd000 ---p 00c54000 08:04 445770                     /usr/lib/jvm/java-8-openjdk-amd64/jre/lib/amd64/server/libjvm.so
7fb5516cd000-7fb551760000 r--p 00c54000 08:04 445770                     /usr/lib/jvm/java-8-openjdk-amd64/jre/lib/amd64/server/libjvm.so
7fb551760000-7fb551789000 rw-p 00ce7000 08:04 445770                     /usr/lib/jvm/java-8-openjdk-amd64/jre/lib/amd64/server/libjvm.so
7fb551789000-7fb5517b9000 rw-p 00000000 00:00 0 
7fb5517b9000-7fb5517c8000 r-xp 00000000 08:04 445991                     /usr/lib/R/site-library/rJava/libs/rJava.so
7fb5517c8000-7fb5519c7000 ---p 0000f000 08:04 445991                     /usr/lib/R/site-library/rJava/libs/rJava.so
7fb5519c7000-7fb5519c8000 r--p 0000e000 08:04 445991                     /usr/lib/R/site-library/rJava/libs/rJava.so
7fb5519c8000-7fb5519c9000 rw-p 0000f000 08:04 445991                     /usr/lib/R/site-library/rJava/libs/rJava.so
7fb5519c9000-7fb55327f000 r-xp 00000000 08:04 1049904                    /usr/lib/x86_64-linux-gnu/libicudata.so.55.1
7fb55327f000-7fb55347e000 ---p 018b6000 08:04 1049904                    /usr/lib/x86_64-linux-gnu/libicudata.so.55.1
7fb55347e000-7fb55347f000 r--p 018b5000 08:04 1049904                    /usr/lib/x86_64-linux-gnu/libicudata.so.55.1
7fb55347f000-7fb553480000 rw-p 018b6000 08:04 1049904                    /usr/lib/x86_64-linux-gnu/libicudata.so.55.1
7fb553480000-7fb5535ff000 r-xp 00000000 08:04 1049929                    /usr/lib/x86_64-linux-gnu/libicuuc.so.55.1
7fb5535ff000-7fb5537ff000 ---p 0017f000 08:04 1049929                    /usr/lib/x86_64-linux-gnu/libicuuc.so.55.1
7fb5537ff000-7fb55380f000 r--p 0017f000 08:04 1049929                    /usr/lib/x86_64-linux-gnu/libicuuc.so.55.1
7fb55380f000-7fb553810000 rw-p 0018f000 08:04 1049929                    /usr/lib/x86_64-linux-gnu/libicuuc.so.55.1
7fb553810000-7fb553814000 rw-p 00000000 00:00 0 
7fb553814000-7fb5539c5000 r-xp 00000000 08:04 1049566                    /usr/lib/x86_64-linux-gnu/libxml2.so.2.9.3
7fb5539c5000-7fb553bc4000 ---p 001b1000 08:04 1049566                    /usr/lib/x86_64-linux-gnu/libxml2.so.2.9.3
7fb553bc4000-7fb553bcc000 r--p 001b0000 08:04 1049566                    /usr/lib/x86_64-linux-gnu/libxml2.so.2.9.3
7fb553bcc000-7fb553bce000 rw-p 001b8000 08:04 1049566                    /usr/lib/x86_64-linux-gnu/libxml2.so.2.9.3
7fb553bce000-7fb553bcf000 rw-p 00000000 00:00 0 
7fb553bcf000-7fb553bec000 r-xp 00000000 08:04 304020                     /home/moh/R/x86_64-pc-linux-gnu-library/3.4/XML/libs/XML.so
7fb553bec000-7fb553deb000 ---p 0001d000 08:04 304020                     /home/moh/R/x86_64-pc-linux-gnu-library/3.4/XML/libs/XML.so
7fb553deb000-7fb553dec000 r--p 0001c000 08:04 304020                     /home/moh/R/x86_64-pc-linux-gnu-library/3.4/XML/libs/XML.so
7fb553dec000-7fb553dee000 rw-p 0001d000 08:04 304020                     /home/moh/R/x86_64-pc-linux-gnu-library/3.4/XML/libs/XML.so
7fb553dee000-7fb557dee000 rw-p 00000000 00:00 0 
7fb557dee000-7fb557df9000 r-xp 00000000 08:04 795197                     /lib/x86_64-linux-gnu/libnss_files-2.23.so
7fb557df9000-7fb557ff8000 ---p 0000b000 08:04 795197                     /lib/x86_64-linux-gnu/libnss_files-2.23.so
7fb557ff8000-7fb557ff9000 r--p 0000a000 08:04 795197                     /lib/x86_64-linux-gnu/libnss_files-2.23.so
7fb557ff9000-7fb557ffa000 rw-p 0000b000 08:04 795197                     /lib/x86_64-linux-gnu/libnss_files-2.23.so
7fb557ffa000-7fb558000000 rw-p 00000000 00:00 0 
7fb558000000-7fb558021000 rw-p 00000000 00:00 0 
7fb558021000-7fb55c000000 ---p 00000000 00:00 0 
7fb55c0a1000-7fb55c0ac000 r-xp 00000000 08:04 795202                     /lib/x86_64-linux-gnu/libnss_nis-2.23.so
7fb55c0ac000-7fb55c2ab000 ---p 0000b000 08:04 795202                     /lib/x86_64-linux-gnu/libnss_nis-2.23.so
7fb55c2ab000-7fb55c2ac000 r--p 0000a000 08:04 795202                     /lib/x86_64-linux-gnu/libnss_nis-2.23.so
7fb55c2ac000-7fb55c2ad000 rw-p 0000b000 08:04 795202                     /lib/x86_64-linux-gnu/libnss_nis-2.23.so
7fb55c2ad000-7fb55c2c3000 r-xp 00000000 08:04 793259                     /lib/x86_64-linux-gnu/libnsl-2.23.so
7fb55c2c3000-7fb55c4c2000 ---p 00016000 08:04 793259                     /lib/x86_64-linux-gnu/libnsl-2.23.so
7fb55c4c2000-7fb55c4c3000 r--p 00015000 08:04 793259                     /lib/x86_64-linux-gnu/libnsl-2.23.so
7fb55c4c3000-7fb55c4c4000 rw-p 00016000 08:04 793259                     /lib/x86_64-linux-gnu/libnsl-2.23.so
7fb55c4c4000-7fb55c4c6000 rw-p 00000000 00:00 0 
7fb55c4c6000-7fb55c4ce000 r-xp 00000000 08:04 795208                     /lib/x86_64-linux-gnu/libnss_compat-2.23.so
7fb55c4ce000-7fb55c6cd000 ---p 00008000 08:04 795208                     /lib/x86_64-linux-gnu/libnss_compat-2.23.so
7fb55c6cd000-7fb55c6ce000 r--p 00007000 08:04 795208                     /lib/x86_64-linux-gnu/libnss_compat-2.23.so
7fb55c6ce000-7fb55c6cf000 rw-p 00008000 08:04 795208                     /lib/x86_64-linux-gnu/libnss_compat-2.23.so
7fb55c6cf000-7fb55c6d8000 r-xp 00000000 08:04 795200                     /lib/x86_64-linux-gnu/libcrypt-2.23.so
7fb55c6d8000-7fb55c8d7000 ---p 00009000 08:04 795200                     /lib/x86_64-linux-gnu/libcrypt-2.23.so
7fb55c8d7000-7fb55c8d8000 r--p 00008000 08:04 795200                     /lib/x86_64-linux-gnu/libcrypt-2.23.so
7fb55c8d8000-7fb55c8d9000 rw-p 00009000 08:04 795200                     /lib/x86_64-linux-gnu/libcrypt-2.23.so
7fb55c8d9000-7fb55c907000 rw-p 00000000 00:00 0 
7fb55c907000-7fb55c9d6000 r-xp 00000000 08:04 1056545                    /usr/lib/x86_64-linux-gnu/libsqlite3.so.0.8.6
7fb55c9d6000-7fb55cbd6000 ---p 000cf000 08:04 1056545                    /usr/lib/x86_64-linux-gnu/libsqlite3.so.0.8.6
7fb55cbd6000-7fb55cbd9000 r--p 000cf000 08:04 1056545                    /usr/lib/x86_64-linux-gnu/libsqlite3.so.0.8.6
7fb55cbd9000-7fb55cbdb000 rw-p 000d2000 08:04 1056545                    /usr/lib/x86_64-linux-gnu/libsqlite3.so.0.8.6
7fb55cbdb000-7fb55cbdc000 rw-p 00000000 00:00 0 
7fb55cbdc000-7fb55cc23000 r-xp 00000000 08:04 1051419                    /usr/lib/x86_64-linux-gnu/libhx509.so.5.0.0
7fb55cc23000-7fb55ce22000 ---p 00047000 08:04 1051419                    /usr/lib/x86_64-linux-gnu/libhx509.so.5.0.0
7fb55ce22000-7fb55ce24000 r--p 00046000 08:04 1051419                    /usr/lib/x86_64-linux-gnu/libhx509.so.5.0.0
7fb55ce24000-7fb55ce26000 rw-p 00048000 08:04 1051419                    /usr/lib/x86_64-linux-gnu/libhx509.so.5.0.0
7fb55ce26000-7fb55ce27000 rw-p 00000000 00:00 0 
7fb55ce27000-7fb55ce35000 r-xp 00000000 08:04 1051415                    /usr/lib/x86_64-linux-gnu/libheimbase.so.1.0.0
7fb55ce35000-7fb55d034000 ---p 0000e000 08:04 1051415                    /usr/lib/x86_64-linux-gnu/libheimbase.so.1.0.0
7fb55d034000-7fb55d035000 r--p 0000d000 08:04 1051415                    /usr/lib/x86_64-linux-gnu/libheimbase.so.1.0.0
7fb55d035000-7fb55d036000 rw-p 0000e000 08:04 1051415                    /usr/lib/x86_64-linux-gnu/libheimbase.so.1.0.0
7fb55d036000-7fb55d05d000 r-xp 00000000 08:04 1051417                    /usr/lib/x86_64-linux-gnu/libwind.so.0.0.0
7fb55d05d000-7fb55d25d000 ---p 00027000 08:04 1051417                    /usr/lib/x86_64-linux-gnu/libwind.so.0.0.0
7fb55d25d000-7fb55d25e000 r--p 00027000 08:04 1051417                    /usr/lib/x86_64-linux-gnu/libwind.so.0.0.0
7fb55d25e000-7fb55d25f000 rw-p 00028000 08:04 1051417                    /usr/lib/x86_64-linux-gnu/libwind.so.0.0.0
7fb55d25f000-7fb55d266000 r-xp 00000000 08:04 1055780                    /usr/lib/x86_64-linux-gnu/libffi.so.6.0.4
7fb55d266000-7fb55d465000 ---p 00007000 08:04 1055780                    /usr/lib/x86_64-linux-gnu/libffi.so.6.0.4
7fb55d465000-7fb55d466000 r--p 00006000 08:04 1055780                    /usr/lib/x86_64-linux-gnu/libffi.so.6.0.4
7fb55d466000-7fb55d467000 rw-p 00007000 08:04 1055780                    /usr/lib/x86_64-linux-gnu/libffi.so.6.0.4
7fb55d467000-7fb55d47c000 r-xp 00000000 08:04 1051409                    /usr/lib/x86_64-linux-gnu/libroken.so.18.1.0
7fb55d47c000-7fb55d67b000 ---p 00015000 08:04 1051409                    /usr/lib/x86_64-linux-gnu/libroken.so.18.1.0
7fb55d67b000-7fb55d67c000 r--p 00014000 08:04 1051409                    /usr/lib/x86_64-linux-gnu/libroken.so.18.1.0
7fb55d67c000-7fb55d67d000 rw-p 00015000 08:04 1051409                    /usr/lib/x86_64-linux-gnu/libroken.so.18.1.0
7fb55d67d000-7fb55d6ad000 r-xp 00000000 08:04 1051413                    /usr/lib/x86_64-linux-gnu/libhcrypto.so.4.1.0
7fb55d6ad000-7fb55d8ad000 ---p 00030000 08:04 1051413                    /usr/lib/x86_64-linux-gnu/libhcrypto.so.4.1.0
7fb55d8ad000-7fb55d8ae000 r--p 00030000 08:04 1051413                    /usr/lib/x86_64-linux-gnu/libhcrypto.so.4.1.0
7fb55d8ae000-7fb55d8af000 rw-p 00031000 08:04 1051413                    /usr/lib/x86_64-linux-gnu/libhcrypto.so.4.1.0
7fb55d8af000-7fb55d8b0000 rw-p 00000000 00:00 0 
7fb55d8b0000-7fb55d94f000 r-xp 00000000 08:04 1051411                    /usr/lib/x86_64-linux-gnu/libasn1.so.8.0.0
7fb55d94f000-7fb55db4e000 ---p 0009f000 08:04 1051411                    /usr/lib/x86_64-linux-gnu/libasn1.so.8.0.0
7fb55db4e000-7fb55db4f000 r--p 0009e000 08:04 1051411                    /usr/lib/x86_64-linux-gnu/libasn1.so.8.0.0
7fb55db4f000-7fb55db52000 rw-p 0009f000 08:04 1051411                    /usr/lib/x86_64-linux-gnu/libasn1.so.8.0.0
7fb55db52000-7fb55dbd6000 r-xp 00000000 08:04 1051421                    /usr/lib/x86_64-linux-gnu/libkrb5.so.26.0.0
7fb55dbd6000-7fb55ddd5000 ---p 00084000 08:04 1051421                    /usr/lib/x86_64-linux-gnu/libkrb5.so.26.0.0
7fb55ddd5000-7fb55ddd8000 r--p 00083000 08:04 1051421                    /usr/lib/x86_64-linux-gnu/libkrb5.so.26.0.0
7fb55ddd8000-7fb55dddb000 rw-p 00086000 08:04 1051421                    /usr/lib/x86_64-linux-gnu/libkrb5.so.26.0.0
7fb55dddb000-7fb55dddc000 rw-p 00000000 00:00 0 
7fb55dddc000-7fb55dde4000 r-xp 00000000 08:04 1051423                    /usr/lib/x86_64-linux-gnu/libheimntlm.so.0.1.0
7fb55dde4000-7fb55dfe3000 ---p 00008000 08:04 1051423                    /usr/lib/x86_64-linux-gnu/libheimntlm.so.0.1.0
7fb55dfe3000-7fb55dfe4000 r--p 00007000 08:04 1051423                    /usr/lib/x86_64-linux-gnu/libheimntlm.so.0.1.0
7fb55dfe4000-7fb55dfe5000 rw-p 00008000 08:04 1051423                    /usr/lib/x86_64-linux-gnu/libheimntlm.so.0.1.0
7fb55dfe5000-7fb55dfe8000 r-xp 00000000 08:04 790448                     /lib/x86_64-linux-gnu/libkeyutils.so.1.5
7fb55dfe8000-7fb55e1e7000 ---p 00003000 08:04 790448                     /lib/x86_64-linux-gnu/libkeyutils.so.1.5
7fb55e1e7000-7fb55e1e8000 r--p 00002000 08:04 790448                     /lib/x86_64-linux-gnu/libkeyutils.so.1.5
7fb55e1e8000-7fb55e1e9000 rw-p 00003000 08:04 790448                     /lib/x86_64-linux-gnu/libkeyutils.so.1.5
7fb55e1e9000-7fb55e1fa000 r-xp 00000000 08:04 1051633                    /usr/lib/x86_64-linux-gnu/libtasn1.so.6.5.1
7fb55e1fa000-7fb55e3fa000 ---p 00011000 08:04 1051633                    /usr/lib/x86_64-linux-gnu/libtasn1.so.6.5.1
7fb55e3fa000-7fb55e3fb000 r--p 00011000 08:04 1051633                    /usr/lib/x86_64-linux-gnu/libtasn1.so.6.5.1
7fb55e3fb000-7fb55e3fc000 rw-p 00012000 08:04 1051633                    /usr/lib/x86_64-linux-gnu/libtasn1.so.6.5.1
7fb55e3fc000-7fb55e455000 r-xp 00000000 08:04 1056335                    /usr/lib/x86_64-linux-gnu/libp11-kit.so.0.1.0
7fb55e455000-7fb55e654000 ---p 00059000 08:04 1056335                    /usr/lib/x86_64-linux-gnu/libp11-kit.so.0.1.0
7fb55e654000-7fb55e65e000 r--p 00058000 08:04 1056335                    /usr/lib/x86_64-linux-gnu/libp11-kit.so.0.1.0
7fb55e65e000-7fb55e660000 rw-p 00062000 08:04 1056335                    /usr/lib/x86_64-linux-gnu/libp11-kit.so.0.1.0
7fb55e660000-7fb55e69d000 r-xp 00000000 08:04 1051425                    /usr/lib/x86_64-linux-gnu/libgssapi.so.3.0.0
7fb55e69d000-7fb55e89d000 ---p 0003d000 08:04 1051425                    /usr/lib/x86_64-linux-gnu/libgssapi.so.3.0.0
7fb55e89d000-7fb55e89e000 r--p 0003d000 08:04 1051425                    /usr/lib/x86_64-linux-gnu/libgssapi.so.3.0.0
7fb55e89e000-7fb55e8a0000 rw-p 0003e000 08:04 1051425                    /usr/lib/x86_64-linux-gnu/libgssapi.so.3.0.0
7fb55e8a0000-7fb55e8a1000 rw-p 00000000 00:00 0 
7fb55e8a1000-7fb55e8ba000 r-xp 00000000 08:04 1056486                    /usr/lib/x86_64-linux-gnu/libsasl2.so.2.0.25
7fb55e8ba000-7fb55eaba000 ---p 00019000 08:04 1056486                    /usr/lib/x86_64-linux-gnu/libsasl2.so.2.0.25
7fb55eaba000-7fb55eabb000 r--p 00019000 08:04 1056486                    /usr/lib/x86_64-linux-gnu/libsasl2.so.2.0.25
7fb55eabb000-7fb55eabc000 rw-p 0001a000 08:04 1056486                    /usr/lib/x86_64-linux-gnu/libsasl2.so.2.0.25
7fb55eabc000-7fb55ead3000 r-xp 00000000 08:04 795210                     /lib/x86_64-linux-gnu/libresolv-2.23.so
7fb55ead3000-7fb55ecd3000 ---p 00017000 08:04 795210                     /lib/x86_64-linux-gnu/libresolv-2.23.so
7fb55ecd3000-7fb55ecd4000 r--p 00017000 08:04 795210                     /lib/x86_64-linux-gnu/libresolv-2.23.so
7fb55ecd4000-7fb55ecd5000 rw-p 00018000 08:04 795210                     /lib/x86_64-linux-gnu/libresolv-2.23.so
7fb55ecd5000-7fb55ecd7000 rw-p 00000000 00:00 0 
7fb55ecd7000-7fb55ece1000 r-xp 00000000 08:04 1056154                    /usr/lib/x86_64-linux-gnu/libkrb5support.so.0.1
7fb55ece1000-7fb55eee0000 ---p 0000a000 08:04 1056154                    /usr/lib/x86_64-linux-gnu/libkrb5support.so.0.1
7fb55eee0000-7fb55eee1000 r--p 00009000 08:04 1056154                    /usr/lib/x86_64-linux-gnu/libkrb5support.so.0.1
7fb55eee1000-7fb55eee2000 rw-p 0000a000 08:04 1056154                    /usr/lib/x86_64-linux-gnu/libkrb5support.so.0.1
7fb55eee2000-7fb55eee5000 r-xp 00000000 08:04 790396                     /lib/x86_64-linux-gnu/libcom_err.so.2.1
7fb55eee5000-7fb55f0e4000 ---p 00003000 08:04 790396                     /lib/x86_64-linux-gnu/libcom_err.so.2.1
7fb55f0e4000-7fb55f0e5000 r--p 00002000 08:04 790396                     /lib/x86_64-linux-gnu/libcom_err.so.2.1
7fb55f0e5000-7fb55f0e6000 rw-p 00003000 08:04 790396                     /lib/x86_64-linux-gnu/libcom_err.so.2.1
7fb55f0e6000-7fb55f112000 r-xp 00000000 08:04 1056146                    /usr/lib/x86_64-linux-gnu/libk5crypto.so.3.1
7fb55f112000-7fb55f311000 ---p 0002c000 08:04 1056146                    /usr/lib/x86_64-linux-gnu/libk5crypto.so.3.1
7fb55f311000-7fb55f313000 r--p 0002b000 08:04 1056146                    /usr/lib/x86_64-linux-gnu/libk5crypto.so.3.1
7fb55f313000-7fb55f314000 rw-p 0002d000 08:04 1056146                    /usr/lib/x86_64-linux-gnu/libk5crypto.so.3.1
7fb55f314000-7fb55f315000 rw-p 00000000 00:00 0 
7fb55f315000-7fb55f3d8000 r-xp 00000000 08:04 1056152                    /usr/lib/x86_64-linux-gnu/libkrb5.so.3.3
7fb55f3d8000-7fb55f5d8000 ---p 000c3000 08:04 1056152                    /usr/lib/x86_64-linux-gnu/libkrb5.so.3.3
7fb55f5d8000-7fb55f5e5000 r--p 000c3000 08:04 1056152                    /usr/lib/x86_64-linux-gnu/libkrb5.so.3.3
7fb55f5e5000-7fb55f5e7000 rw-p 000d0000 08:04 1056152                    /usr/lib/x86_64-linux-gnu/libkrb5.so.3.3
7fb55f5e7000-7fb55f666000 r-xp 00000000 08:04 1055913                    /usr/lib/x86_64-linux-gnu/libgmp.so.10.3.0
7fb55f666000-7fb55f865000 ---p 0007f000 08:04 1055913                    /usr/lib/x86_64-linux-gnu/libgmp.so.10.3.0
7fb55f865000-7fb55f866000 r--p 0007e000 08:04 1055913                    /usr/lib/x86_64-linux-gnu/libgmp.so.10.3.0
7fb55f866000-7fb55f867000 rw-p 0007f000 08:04 1055913                    /usr/lib/x86_64-linux-gnu/libgmp.so.10.3.0
7fb55f867000-7fb55f89b000 r-xp 00000000 08:04 1056272                    /usr/lib/x86_64-linux-gnu/libnettle.so.6.2
7fb55f89b000-7fb55fa9a000 ---p 00034000 08:04 1056272                    /usr/lib/x86_64-linux-gnu/libnettle.so.6.2
7fb55fa9a000-7fb55fa9c000 r--p 00033000 08:04 1056272                    /usr/lib/x86_64-linux-gnu/libnettle.so.6.2
7fb55fa9c000-7fb55fa9d000 rw-p 00035000 08:04 1056272                    /usr/lib/x86_64-linux-gnu/libnettle.so.6.2
7fb55fa9d000-7fb55facf000 r-xp 00000000 08:04 1056051                    /usr/lib/x86_64-linux-gnu/libhogweed.so.4.2
7fb55facf000-7fb55fcce000 ---p 00032000 08:04 1056051                    /usr/lib/x86_64-linux-gnu/libhogweed.so.4.2
7fb55fcce000-7fb55fccf000 r--p 00031000 08:04 1056051                    /usr/lib/x86_64-linux-gnu/libhogweed.so.4.2
7fb55fccf000-7fb55fcd0000 rw-p 00032000 08:04 1056051                    /usr/lib/x86_64-linux-gnu/libhogweed.so.4.2
7fb55fcd0000-7fb55fdf3000 r-xp 00000000 08:04 1051637                    /usr/lib/x86_64-linux-gnu/libgnutls.so.30.6.2
7fb55fdf3000-7fb55fff2000 ---p 00123000 08:04 1051637                    /usr/lib/x86_64-linux-gnu/libgnutls.so.30.6.2
7fb55fff2000-7fb55fffd000 r--p 00122000 08:04 1051637                    /usr/lib/x86_64-linux-gnu/libgnutls.so.30.6.2
7fb55fffd000-7fb55ffff000 rw-p 0012d000 08:04 1051637                    /usr/lib/x86_64-linux-gnu/libgnutls.so.30.6.2
7fb55ffff000-7fb560000000 rw-p 00000000 00:00 0 
7fb560000000-7fb560021000 rw-p 00000000 00:00 0 
7fb560021000-7fb564000000 ---p 00000000 00:00 0 
7fb56402f000-7fb564042000 r--s 00346000 08:04 445796                     /usr/lib/jvm/java-8-openjdk-amd64/jre/lib/resources.jar
7fb564042000-7fb564062000 r--s 00445000 08:04 445730                     /home/moh/R/x86_64-pc-linux-gnu-library/3.4/coreNLP/extdata/stanford-corenlp-full-2015-12-09/stanford-corenlp-3.6.0-sources.jar
7fb564062000-7fb56409c000 r--s 008a7000 08:04 446228                     /home/moh/R/x86_64-pc-linux-gnu-library/3.4/coreNLP/extdata/stanford-corenlp-full-2015-12-09/stanford-corenlp-3.6.0-javadoc.jar
7fb56409c000-7fb5640ea000 r--s 006a2000 08:04 445701                     /home/moh/R/x86_64-pc-linux-gnu-library/3.4/coreNLP/extdata/stanford-corenlp-full-2015-12-09/stanford-corenlp-3.6.0.jar
7fb5640ea000-7fb564137000 r-xp 00000000 08:04 1051643                    /usr/lib/x86_64-linux-gnu/libldap_r-2.4.so.2.10.5
7fb564137000-7fb564336000 ---p 0004d000 08:04 1051643                    /usr/lib/x86_64-linux-gnu/libldap_r-2.4.so.2.10.5
7fb564336000-7fb564338000 r--p 0004c000 08:04 1051643                    /usr/lib/x86_64-linux-gnu/libldap_r-2.4.so.2.10.5
7fb564338000-7fb564339000 rw-p 0004e000 08:04 1051643                    /usr/lib/x86_64-linux-gnu/libldap_r-2.4.so.2.10.5
7fb564339000-7fb56433b000 rw-p 00000000 00:00 0 
7fb56433b000-7fb564348000 r-xp 00000000 08:04 1051645                    /usr/lib/x86_64-linux-gnu/liblber-2.4.so.2.10.5
7fb564348000-7fb564548000 ---p 0000d000 08:04 1051645                    /usr/lib/x86_64-linux-gnu/liblber-2.4.so.2.10.5
7fb564548000-7fb564549000 r--p 0000d000 08:04 1051645                    /usr/lib/x86_64-linux-gnu/liblber-2.4.so.2.10.5
7fb564549000-7fb56454a000 rw-p 0000e000 08:04 1051645                    /usr/lib/x86_64-linux-gnu/liblber-2.4.so.2.10.5
7fb56454a000-7fb564591000 r-xp 00000000 08:04 1055970                    /usr/lib/x86_64-linux-gnu/libgssapi_krb5.so.2.2
7fb564591000-7fb564790000 ---p 00047000 08:04 1055970                    /usr/lib/x86_64-linux-gnu/libgssapi_krb5.so.2.2
7fb564790000-7fb564792000 r--p 00046000 08:04 1055970                    /usr/lib/x86_64-linux-gnu/libgssapi_krb5.so.2.2
7fb564792000-7fb564794000 rw-p 00048000 08:04 1055970                    /usr/lib/x86_64-linux-gnu/libgssapi_krb5.so.2.2
7fb564794000-7fb5649ae000 r-xp 00000000 08:04 784926                     /lib/x86_64-linux-gnu/libcrypto.so.1.0.0
7fb5649ae000-7fb564bad000 ---p 0021a000 08:04 784926                     /lib/x86_64-linux-gnu/libcrypto.so.1.0.0
7fb564bad000-7fb564bc9000 r--p 00219000 08:04 784926                     /lib/x86_64-linux-gnu/libcrypto.so.1.0.0
7fb564bc9000-7fb564bd5000 rw-p 00235000 08:04 784926                     /lib/x86_64-linux-gnu/libcrypto.so.1.0.0
7fb564bd5000-7fb564bd8000 rw-p 00000000 00:00 0 
7fb564bd8000-7fb564c36000 r-xp 00000000 08:04 790011                     /lib/x86_64-linux-gnu/libssl.so.1.0.0
7fb564c36000-7fb564e36000 ---p 0005e000 08:04 790011                     /lib/x86_64-linux-gnu/libssl.so.1.0.0
7fb564e36000-7fb564e3a000 r--p 0005e000 08:04 790011                     /lib/x86_64-linux-gnu/libssl.so.1.0.0
7fb564e3a000-7fb564e41000 rw-p 00062000 08:04 790011                     /lib/x86_64-linux-gnu/libssl.so.1.0.0
7fb564e41000-7fb564e5c000 r-xp 00000000 08:04 1055539                    /usr/lib/x86_64-linux-gnu/librtmp.so.1
7fb564e5c000-7fb56505b000 ---p 0001b000 08:04 1055539                    /usr/lib/x86_64-linux-gnu/librtmp.so.1
7fb56505b000-7fb56505c000 r--p 0001a000 08:04 1055539                    /usr/lib/x86_64-linux-gnu/librtmp.so.1
7fb56505c000-7fb56505d000 rw-p 0001b000 08:04 1055539                    /usr/lib/x86_64-linux-gnu/librtmp.so.1
7fb56505d000-7fb56508e000 r-xp 00000000 08:04 1056100                    /usr/lib/x86_64-linux-gnu/libidn.so.11.6.15
7fb56508e000-7fb56528e000 ---p 00031000 08:04 1056100                    /usr/lib/x86_64-linux-gnu/libidn.so.11.6.15
7fb56528e000-7fb56528f000 r--p 00031000 08:04 1056100                    /usr/lib/x86_64-linux-gnu/libidn.so.11.6.15
7fb56528f000-7fb565290000 rw-p 00032000 08:04 1056100                    /usr/lib/x86_64-linux-gnu/libidn.so.11.6.15
7fb565290000-7fb5652fb000 r-xp 00000000 08:04 1055647                    /usr/lib/x86_64-linux-gnu/libcurl.so.4.4.0
7fb5652fb000-7fb5654fb000 ---p 0006b000 08:04 1055647                    /usr/lib/x86_64-linux-gnu/libcurl.so.4.4.0
7fb5654fb000-7fb5654fe000 r--p 0006b000 08:04 1055647                    /usr/lib/x86_64-linux-gnu/libcurl.so.4.4.0
7fb5654fe000-7fb5654ff000 rw-p 0006e000 08:04 1055647                    /usr/lib/x86_64-linux-gnu/libcurl.so.4.4.0
7fb5654ff000-7fb565512000 r-xp 00000000 08:04 1065936                    /usr/lib/R/modules/internet.so
7fb565512000-7fb565711000 ---p 00013000 08:04 1065936                    /usr/lib/R/modules/internet.so
7fb565711000-7fb565712000 r--p 00012000 08:04 1065936                    /usr/lib/R/modules/internet.so
7fb565712000-7fb565713000 rw-p 00013000 08:04 1065936                    /usr/lib/R/modules/internet.so
7fb565713000-7fb56581d000 rw-p 00000000 00:00 0 
7fb56581d000-7fb565831000 r-xp 00000000 08:04 1317500                    /usr/lib/R/library/tools/libs/tools.so
7fb565831000-7fb565a31000 ---p 00014000 08:04 1317500                    /usr/lib/R/library/tools/libs/tools.so
7fb565a31000-7fb565a32000 r--p 00014000 08:04 1317500                    /usr/lib/R/library/tools/libs/tools.so
7fb565a32000-7fb565a33000 rw-p 00015000 08:04 1317500                    /usr/lib/R/library/tools/libs/tools.so
7fb565a33000-7fb565a46000 r-xp 00000000 08:04 790383                     /lib/x86_64-linux-gnu/libbsd.so.0.8.2
7fb565a46000-7fb565c45000 ---p 00013000 08:04 790383                     /lib/x86_64-linux-gnu/libbsd.so.0.8.2
7fb565c45000-7fb565c46000 r--p 00012000 08:04 790383                     /lib/x86_64-linux-gnu/libbsd.so.0.8.2
7fb565c46000-7fb565c47000 rw-p 00013000 08:04 790383                     /lib/x86_64-linux-gnu/libbsd.so.0.8.2
7fb565c47000-7fb565c48000 rw-p 00000000 00:00 0 
7fb565c48000-7fb565c79000 r-xp 00000000 08:04 1055732                    /usr/lib/x86_64-linux-gnu/libedit.so.2.0.53
7fb565c79000-7fb565e79000 ---p 00031000 08:04 1055732                    /usr/lib/x86_64-linux-gnu/libedit.so.2.0.53
7fb565e79000-7fb565e7b000 r--p 00031000 08:04 1055732                    /usr/lib/x86_64-linux-gnu/libedit.so.2.0.53
7fb565e7b000-7fb565e7c000 rw-p 00033000 08:04 1055732                    /usr/lib/x86_64-linux-gnu/libedit.so.2.0.53
7fb565e7c000-7fb565e80000 rw-p 00000000 00:00 0 
7fb565e80000-7fb566a56000 r-xp 00000000 08:04 1202803                    /usr/lib/rstudio/bin/rsclang/libclang.so
7fb566a56000-7fb566c55000 ---p 00bd6000 08:04 1202803                    /usr/lib/rstudio/bin/rsclang/libclang.so
7fb566c55000-7fb566ccf000 r--p 00bd5000 08:04 1202803                    /usr/lib/rstudio/bin/rsclang/libclang.so
7fb566ccf000-7fb566cd0000 rw-p 00c4f000 08:04 1202803                    /usr/lib/rstudio/bin/rsclang/libclang.so
7fb566cd0000-7fb566cd3000 rw-p 00000000 00:00 0 
7fb566cd3000-7fb566cd4000 ---p 00000000 00:00 0 
7fb566cd4000-7fb5674d4000 rw-p 00000000 00:00 0 
7fb5674d4000-7fb5674d5000 ---p 00000000 00:00 0 
7fb5674d5000-7fb567cd5000 rw-p 00000000 00:00 0 
7fb567cd5000-7fb567dfe000 r-xp 00000000 08:04 1065149                    /usr/lib/x86_64-linux-gnu/libgfortran.so.3.0.0
7fb567dfe000-7fb567ffd000 ---p 00129000 08:04 1065149                    /usr/lib/x86_64-linux-gnu/libgfortran.so.3.0.0
7fb567ffd000-7fb567ffe000 r--p 00128000 08:04 1065149                    /usr/lib/x86_64-linux-gnu/libgfortran.so.3.0.0
7fb567ffe000-7fb568000000 rw-p 00129000 08:04 1065149                    /usr/lib/x86_64-linux-gnu/libgfortran.so.3.0.0
7fb568000000-7fb568021000 rw-p 00000000 00:00 0 
7fb568021000-7fb56c000000 ---p 00000000 00:00 0 
7fb56c000000-7fb56c021000 rw-p 00000000 00:00 0 
7fb56c021000-7fb570000000 ---p 00000000 00:00 0 
7fb570000000-7fb570021000 rw-p 00000000 00:00 0 
7fb570021000-7fb574000000 ---p 00000000 00:00 0 
7fb574004000-7fb574042000 r-xp 00000000 08:04 1056429                    /usr/lib/x86_64-linux-gnu/libquadmath.so.0.0.0
7fb574042000-7fb574241000 ---p 0003e000 08:04 1056429                    /usr/lib/x86_64-linux-gnu/libquadmath.so.0.0.0
7fb574241000-7fb574242000 r--p 0003d000 08:04 1056429                    /usr/lib/x86_64-linux-gnu/libquadmath.so.0.0.0
7fb574242000-7fb574243000 rw-p 0003e000 08:04 1056429                    /usr/lib/x86_64-linux-gnu/libquadmath.so.0.0.0
7fb574243000-7fb574837000 r-xp 00000000 08:04 1065686                    /usr/lib/lapack/liblapack.so.3.6.0
7fb574837000-7fb574a36000 ---p 005f4000 08:04 1065686                    /usr/lib/lapack/liblapack.so.3.6.0
7fb574a36000-7fb574a37000 r--p 005f3000 08:04 1065686                    /usr/lib/lapack/liblapack.so.3.6.0
7fb574a37000-7fb574a3b000 rw-p 005f4000 08:04 1065686                    /usr/lib/lapack/liblapack.so.3.6.0
7fb574a3b000-7fb574a7b000 r-xp 00000000 08:04 1202256                    /usr/lib/R/library/graphics/libs/graphics.so
7fb574a7b000-7fb574c7a000 ---p 00040000 08:04 1202256                    /usr/lib/R/library/graphics/libs/graphics.so
7fb574c7a000-7fb574c7b000 r--p 0003f000 08:04 1202256                    /usr/lib/R/library/graphics/libs/graphics.so
7fb574c7b000-7fb574c7c000 rw-p 00040000 08:04 1202256                    /usr/lib/R/library/graphics/libs/graphics.so
7fb574c7c000-7fb574cb1000 r-xp 00000000 08:04 1202400                    /usr/lib/R/library/grDevices/libs/grDevices.so
7fb574cb1000-7fb574eb0000 ---p 00035000 08:04 1202400                    /usr/lib/R/library/grDevices/libs/grDevices.so
7fb574eb0000-7fb574eb5000 r--p 00034000 08:04 1202400                    /usr/lib/R/library/grDevices/libs/grDevices.so
7fb574eb5000-7fb574eb7000 rw-p 00039000 08:04 1202400                    /usr/lib/R/library/grDevices/libs/grDevices.so
7fb574eb7000-7fb574eb8000 rw-p 00000000 00:00 0 
7fb574eb8000-7fb574ec2000 r-xp 00000000 08:04 1201832                    /usr/lib/R/library/utils/libs/utils.so
7fb574ec2000-7fb5750c1000 ---p 0000a000 08:04 1201832                    /usr/lib/R/library/utils/libs/utils.so
7fb5750c1000-7fb5750c2000 r--p 00009000 08:04 1201832                    /usr/lib/R/library/utils/libs/utils.so
7fb5750c2000-7fb5750c3000 rw-p 0000a000 08:04 1201832                    /usr/lib/R/library/utils/libs/utils.so
7fb5750c3000-7fb5750c4000 rw-p 00000000 00:00 0 
7fb5750d2000-7fb5750d9000 r--s 00046000 08:04 445728                     /home/moh/R/x86_64-pc-linux-gnu-library/3.4/coreNLP/extdata/stanford-corenlp-full-2015-12-09/xom.jar
7fb5750d9000-7fb5750e1000 r--s 0009d000 08:04 445685                     /home/moh/R/x86_64-pc-linux-gnu-library/3.4/coreNLP/extdata/stanford-corenlp-full-2015-12-09/xom-1.2.10-src.jar
7fb5750e1000-7fb5750e4000 r--s 16897000 08:04 446128                     /home/moh/R/x86_64-pc-linux-gnu-library/3.4/coreNLP/extdata/stanford-corenlp-full-2015-12-09/stanford-corenlp-3.6.0-models.jar
7fb5750e4000-7fb5750e5000 r--s 00002000 08:04 445724                     /home/moh/R/x86_64-pc-linux-gnu-library/3.4/coreNLP/extdata/stanford-corenlp-full-2015-12-09/slf4j-simple.jar
7fb5750e5000-7fb5750e7000 r--s 00005000 08:04 445731                     /home/moh/R/x86_64-pc-linux-gnu-library/3.4/coreNLP/extdata/stanford-corenlp-full-2015-12-09/slf4j-api.jar
7fb5750e7000-7fb5750f0000 r--s 00089000 08:04 445709                     /home/moh/R/x86_64-pc-linux-gnu-library/3.4/coreNLP/extdata/stanford-corenlp-full-2015-12-09/protobuf.jar
7fb5750f0000-7fb5750f5000 r--s 0002d000 08:04 446229                     /home/moh/R/x86_64-pc-linux-gnu-library/3.4/coreNLP/extdata/stanford-corenlp-full-2015-12-09/jollyday.jar
7fb5750f5000-7fb5750f9000 r--s 0002a000 08:04 445732                     /home/moh/R/x86_64-pc-linux-gnu-library/3.4/coreNLP/extdata/stanford-corenlp-full-2015-12-09/jollyday-0.4.7-sources.jar
7fb5750f9000-7fb575109000 r--s 00089000 08:04 445727                     /home/moh/R/x86_64-pc-linux-gnu-library/3.4/coreNLP/extdata/stanford-corenlp-full-2015-12-09/joda-time.jar
7fb575109000-7fb57510e000 r--s 000b6000 08:04 446227                     /home/moh/R/x86_64-pc-linux-gnu-library/3.4/coreNLP/extdata/stanford-corenlp-full-2015-12-09/joda-time-2.9-sources.jar
7fb57510e000-7fb575111000 r--s 00012000 08:04 445734                     /home/moh/R/x86_64-pc-linux-gnu-library/3.4/coreNLP/extdata/stanford-corenlp-full-2015-12-09/javax.json.jar
7fb575111000-7fb575113000 r--s 0000c000 08:04 445707                     /home/moh/R/x86_64-pc-linux-gnu-library/3.4/coreNLP/extdata/stanford-corenlp-full-2015-12-09/javax.json-api-1.0-sources.jar
7fb575113000-7fb575118000 r--s 0002f000 08:04 445733                     /home/moh/R/x86_64-pc-linux-gnu-library/3.4/coreNLP/extdata/stanford-corenlp-full-2015-12-09/ejml-0.23.jar
7fb575118000-7fb57511a000 r--s 00001000 08:04 445750                     /usr/lib/jvm/java-8-openjdk-amd64/jre/lib/ext/dnsns.jar
7fb57511a000-7fb57511d000 r--s 0000f000 08:04 445753                     /usr/lib/jvm/java-8-openjdk-amd64/jre/lib/ext/icedtea-sound.jar
7fb57511d000-7fb57511e000 r--s 0000a000 08:04 445751                     /usr/lib/jvm/java-8-openjdk-amd64/jre/lib/ext/jaccess.jar
7fb57511e000-7fb57511f000 r--s 00010000 08:04 445755                     /usr/lib/jvm/java-8-openjdk-amd64/jre/lib/ext/zipfs.jar
7fb57511f000-7fb575129000 r--s 00116000 08:04 445748                     /usr/lib/jvm/java-8-openjdk-amd64/jre/lib/ext/localedata.jar
7fb575129000-7fb57512b000 r--s 00008000 08:04 445754                     /usr/lib/jvm/java-8-openjdk-amd64/jre/lib/ext/sunec.jar
7fb57512b000-7fb575130000 r--s 0003b000 08:04 445752                     /usr/lib/jvm/java-8-openjdk-amd64/jre/lib/ext/sunjce_provider.jar
7fb575130000-7fb57514b000 r--s 00394000 08:04 445746                     /usr/lib/jvm/java-8-openjdk-amd64/jre/lib/ext/cldrdata.jar
7fb57514b000-7fb575166000 r--s 001d6000 08:04 445747                     /usr/lib/jvm/java-8-openjdk-amd64/jre/lib/ext/nashorn.jar
7fb575166000-7fb5751b6000 rw-p 00000000 00:00 0 
7fb5751b6000-7fb575258000 r-xp 00000000 08:04 1317474                    /usr/lib/R/library/stats/libs/stats.so
7fb575258000-7fb575458000 ---p 000a2000 08:04 1317474                    /usr/lib/R/library/stats/libs/stats.so
7fb575458000-7fb57545a000 r--p 000a2000 08:04 1317474                    /usr/lib/R/library/stats/libs/stats.so
7fb57545a000-7fb57545b000 rw-p 000a4000 08:04 1317474                    /usr/lib/R/library/stats/libs/stats.so
7fb57545b000-7fb57545c000 rw-p 00000000 00:00 0 
7fb57545c000-7fb57545e000 r-xp 00000000 08:04 1322969                    /usr/lib/x86_64-linux-gnu/gconv/ISO8859-1.so
7fb57545e000-7fb57565d000 ---p 00002000 08:04 1322969                    /usr/lib/x86_64-linux-gnu/gconv/ISO8859-1.so
7fb57565d000-7fb57565e000 r--p 00001000 08:04 1322969                    /usr/lib/x86_64-linux-gnu/gconv/ISO8859-1.so
7fb57565e000-7fb57565f000 rw-p 00002000 08:04 1322969                    /usr/lib/x86_64-linux-gnu/gconv/ISO8859-1.so
7fb57565f000-7fb575799000 rw-p 00000000 00:00 0 
7fb575799000-7fb5757a1000 r-xp 00000000 08:04 1317442                    /usr/lib/R/library/methods/libs/methods.so
7fb5757a1000-7fb5759a0000 ---p 00008000 08:04 1317442                    /usr/lib/R/library/methods/libs/methods.so
7fb5759a0000-7fb5759a1000 r--p 00007000 08:04 1317442                    /usr/lib/R/library/methods/libs/methods.so
7fb5759a1000-7fb5759a2000 rw-p 00008000 08:04 1317442                    /usr/lib/R/library/methods/libs/methods.so
7fb5759a2000-7fb575d9a000 rw-p 00000000 00:00 0 
7fb575d9a000-7fb575d9b000 ---p 00000000 00:00 0 
7fb575d9b000-7fb57659b000 rw-p 00000000 00:00 0 
7fb57659b000-7fb57659c000 ---p 00000000 00:00 0 
7fb57659c000-7fb576d9c000 rw-p 00000000 00:00 0 
7fb576d9c000-7fb576d9d000 ---p 00000000 00:00 0 
7fb576d9d000-7fb57759d000 rw-p 00000000 00:00 0 
7fb57759d000-7fb577875000 r--p 00000000 08:04 1051611                    /usr/lib/locale/locale-archive
7fb577875000-7fb57789a000 r-xp 00000000 08:04 790559                     /lib/x86_64-linux-gnu/libtinfo.so.5.9
7fb57789a000-7fb577a99000 ---p 00025000 08:04 790559                     /lib/x86_64-linux-gnu/libtinfo.so.5.9
7fb577a99000-7fb577a9d000 r--p 00024000 08:04 790559                     /lib/x86_64-linux-gnu/libtinfo.so.5.9
7fb577a9d000-7fb577a9e000 rw-p 00028000 08:04 790559                     /lib/x86_64-linux-gnu/libtinfo.so.5.9
7fb577a9e000-7fb577abf000 r-xp 00000000 08:04 1055939                    /usr/lib/x86_64-linux-gnu/libgomp.so.1.0.0
7fb577abf000-7fb577cbe000 ---p 00021000 08:04 1055939                    /usr/lib/x86_64-linux-gnu/libgomp.so.1.0.0
7fb577cbe000-7fb577cbf000 r--p 00020000 08:04 1055939                    /usr/lib/x86_64-linux-gnu/libgomp.so.1.0.0
7fb577cbf000-7fb577cc0000 rw-p 00021000 08:04 1055939                    /usr/lib/x86_64-linux-gnu/libgomp.so.1.0.0
7fb577cc0000-7fb577cc7000 r-xp 00000000 08:04 795204                     /lib/x86_64-linux-gnu/librt-2.23.so
7fb577cc7000-7fb577ec6000 ---p 00007000 08:04 795204                     /lib/x86_64-linux-gnu/librt-2.23.so
7fb577ec6000-7fb577ec7000 r--p 00006000 08:04 795204                     /lib/x86_64-linux-gnu/librt-2.23.so
7fb577ec7000-7fb577ec8000 rw-p 00007000 08:04 795204                     /lib/x86_64-linux-gnu/librt-2.23.so
7fb577ec8000-7fb577ed7000 r-xp 00000000 08:04 790386                     /lib/x86_64-linux-gnu/libbz2.so.1.0.4
7fb577ed7000-7fb5780d6000 ---p 0000f000 08:04 790386                     /lib/x86_64-linux-gnu/libbz2.so.1.0.4
7fb5780d6000-7fb5780d7000 r--p 0000e000 08:04 790386                     /lib/x86_64-linux-gnu/libbz2.so.1.0.4
7fb5780d7000-7fb5780d8000 rw-p 0000f000 08:04 790386                     /lib/x86_64-linux-gnu/libbz2.so.1.0.4
7fb5780d8000-7fb5780f9000 r-xp 00000000 08:04 790454                     /lib/x86_64-linux-gnu/liblzma.so.5.0.0
7fb5780f9000-7fb5782f8000 ---p 00021000 08:04 790454                     /lib/x86_64-linux-gnu/liblzma.so.5.0.0
7fb5782f8000-7fb5782f9000 r--p 00020000 08:04 790454                     /lib/x86_64-linux-gnu/liblzma.so.5.0.0
7fb5782f9000-7fb5782fa000 rw-p 00021000 08:04 790454                     /lib/x86_64-linux-gnu/liblzma.so.5.0.0
7fb5782fa000-7fb578368000 r-xp 00000000 08:04 790516                     /lib/x86_64-linux-gnu/libpcre.so.3.13.2
7fb578368000-7fb578568000 ---p 0006e000 08:04 790516                     /lib/x86_64-linux-gnu/libpcre.so.3.13.2
7fb578568000-7fb578569000 r--p 0006e000 08:04 790516                     /lib/x86_64-linux-gnu/libpcre.so.3.13.2
7fb578569000-7fb57856a000 rw-p 0006f000 08:04 790516                     /lib/x86_64-linux-gnu/libpcre.so.3.13.2
7fb57856a000-7fb5785a7000 r-xp 00000000 08:04 790538                     /lib/x86_64-linux-gnu/libreadline.so.6.3
7fb5785a7000-7fb5787a7000 ---p 0003d000 08:04 790538                     /lib/x86_64-linux-gnu/libreadline.so.6.3
7fb5787a7000-7fb5787a9000 r--p 0003d000 08:04 790538                     /lib/x86_64-linux-gnu/libreadline.so.6.3
7fb5787a9000-7fb5787af000 rw-p 0003f000 08:04 790538                     /lib/x86_64-linux-gnu/libreadline.so.6.3
7fb5787af000-7fb5787b0000 rw-p 00000000 00:00 0 
7fb5787b0000-7fb57881e000 r-xp 00000000 08:04 1065449                    /usr/lib/libblas/libblas.so.3.6.0
7fb57881e000-7fb578a1d000 ---p 0006e000 08:04 1065449                    /usr/lib/libblas/libblas.so.3.6.0
7fb578a1d000-7fb578a1e000 r--p 0006d000 08:04 1065449                    /usr/lib/libblas/libblas.so.3.6.0
7fb578a1e000-7fb578a1f000 rw-p 0006e000 08:04 1065449                    /usr/lib/libblas/libblas.so.3.6.0
7fb578a1f000-7fb578bdf000 r-xp 00000000 08:04 795218                     /lib/x86_64-linux-gnu/libc-2.23.so
7fb578bdf000-7fb578ddf000 ---p 001c0000 08:04 795218                     /lib/x86_64-linux-gnu/libc-2.23.so
7fb578ddf000-7fb578de3000 r--p 001c0000 08:04 795218                     /lib/x86_64-linux-gnu/libc-2.23.so
7fb578de3000-7fb578de5000 rw-p 001c4000 08:04 795218                     /lib/x86_64-linux-gnu/libc-2.23.so
7fb578de5000-7fb578de9000 rw-p 00000000 00:00 0 
7fb578de9000-7fb578dff000 r-xp 00000000 08:04 790425                     /lib/x86_64-linux-gnu/libgcc_s.so.1
7fb578dff000-7fb578ffe000 ---p 00016000 08:04 790425                     /lib/x86_64-linux-gnu/libgcc_s.so.1
7fb578ffe000-7fb578fff000 rw-p 00015000 08:04 790425                     /lib/x86_64-linux-gnu/libgcc_s.so.1
7fb578fff000-7fb579107000 r-xp 00000000 08:04 795213                     /lib/x86_64-linux-gnu/libm-2.23.so
7fb579107000-7fb579306000 ---p 00108000 08:04 795213                     /lib/x86_64-linux-gnu/libm-2.23.so
7fb579306000-7fb579307000 r--p 00107000 08:04 795213                     /lib/x86_64-linux-gnu/libm-2.23.so
7fb579307000-7fb579308000 rw-p 00108000 08:04 795213                     /lib/x86_64-linux-gnu/libm-2.23.so
7fb579308000-7fb57947a000 r-xp 00000000 08:04 1056555                    /usr/lib/x86_64-linux-gnu/libstdc++.so.6.0.21
7fb57947a000-7fb57967a000 ---p 00172000 08:04 1056555                    /usr/lib/x86_64-linux-gnu/libstdc++.so.6.0.21
7fb57967a000-7fb579684000 r--p 00172000 08:04 1056555                    /usr/lib/x86_64-linux-gnu/libstdc++.so.6.0.21
7fb579684000-7fb579686000 rw-p 0017c000 08:04 1056555                    /usr/lib/x86_64-linux-gnu/libstdc++.so.6.0.21
7fb579686000-7fb57968a000 rw-p 00000000 00:00 0 
7fb57968a000-7fb5796a3000 r-xp 00000000 08:04 789967                     /lib/x86_64-linux-gnu/libz.so.1.2.8
7fb5796a3000-7fb5798a2000 ---p 00019000 08:04 789967                     /lib/x86_64-linux-gnu/libz.so.1.2.8
7fb5798a2000-7fb5798a3000 r--p 00018000 08:04 789967                     /lib/x86_64-linux-gnu/libz.so.1.2.8
7fb5798a3000-7fb5798a4000 rw-p 00019000 08:04 789967                     /lib/x86_64-linux-gnu/libz.so.1.2.8
7fb5798a4000-7fb5798a8000 r-xp 00000000 08:04 784981                     /lib/x86_64-linux-gnu/libuuid.so.1.3.0
7fb5798a8000-7fb579aa7000 ---p 00004000 08:04 784981                     /lib/x86_64-linux-gnu/libuuid.so.1.3.0
7fb579aa7000-7fb579aa8000 r--p 00003000 08:04 784981                     /lib/x86_64-linux-gnu/libuuid.so.1.3.0
7fb579aa8000-7fb579aa9000 rw-p 00004000 08:04 784981                     /lib/x86_64-linux-gnu/libuuid.so.1.3.0
7fb579aa9000-7fb579aab000 r-xp 00000000 08:04 795211                     /lib/x86_64-linux-gnu/libutil-2.23.so
7fb579aab000-7fb579caa000 ---p 00002000 08:04 795211                     /lib/x86_64-linux-gnu/libutil-2.23.so
7fb579caa000-7fb579cab000 r--p 00001000 08:04 795211                     /lib/x86_64-linux-gnu/libutil-2.23.so
7fb579cab000-7fb579cac000 rw-p 00002000 08:04 795211                     /lib/x86_64-linux-gnu/libutil-2.23.so
7fb579cac000-7fb579cc4000 r-xp 00000000 08:04 795201                     /lib/x86_64-linux-gnu/libpthread-2.23.so
7fb579cc4000-7fb579ec3000 ---p 00018000 08:04 795201                     /lib/x86_64-linux-gnu/libpthread-2.23.so
7fb579ec3000-7fb579ec4000 r--p 00017000 08:04 795201                     /lib/x86_64-linux-gnu/libpthread-2.23.so
7fb579ec4000-7fb579ec5000 rw-p 00018000 08:04 795201                     /lib/x86_64-linux-gnu/libpthread-2.23.so
7fb579ec5000-7fb579ec9000 rw-p 00000000 00:00 0 
7fb579ec9000-7fb579ecc000 r-xp 00000000 08:04 795207                     /lib/x86_64-linux-gnu/libdl-2.23.so
7fb579ecc000-7fb57a0cb000 ---p 00003000 08:04 795207                     /lib/x86_64-linux-gnu/libdl-2.23.so
7fb57a0cb000-7fb57a0cc000 r--p 00002000 08:04 795207                     /lib/x86_64-linux-gnu/libdl-2.23.so
7fb57a0cc000-7fb57a0cd000 rw-p 00003000 08:04 795207                     /lib/x86_64-linux-gnu/libdl-2.23.so
7fb57a0cd000-7fb57a37b000 r-xp 00000000 08:04 1065967                    /usr/lib/R/lib/libR.so
7fb57a37b000-7fb57a57b000 ---p 002ae000 08:04 1065967                    /usr/lib/R/lib/libR.so
7fb57a57b000-7fb57a598000 r--p 002ae000 08:04 1065967                    /usr/lib/R/lib/libR.so
7fb57a598000-7fb57a5a3000 rw-p 002cb000 08:04 1065967                    /usr/lib/R/lib/libR.so
7fb57a5a3000-7fb57a6f4000 rw-p 00000000 00:00 0 
7fb57a6f4000-7fb57a71a000 r-xp 00000000 08:04 795158                     /lib/x86_64-linux-gnu/ld-2.23.so
7fb57a71a000-7fb57a71e000 r--s 00037000 08:04 445749                     /usr/lib/jvm/java-8-openjdk-amd64/jre/lib/ext/sunpkcs11.jar
7fb57a71e000-7fb57a726000 rw-s 00000000 08:04 793633                     /tmp/hsperfdata_moh/11267
7fb57a726000-7fb57a8fe000 rw-p 00000000 00:00 0 
7fb57a8fe000-7fb57a8ff000 ---p 00000000 00:00 0 
7fb57a8ff000-7fb57a90f000 rwxp 00000000 00:00 0 
7fb57a90f000-7fb57a910000 r--p 00000000 08:04 1201974                    /usr/lib/R/library/translations/en/LC_MESSAGES/R.mo
7fb57a910000-7fb57a917000 r--s 00000000 08:04 1322988                    /usr/lib/x86_64-linux-gnu/gconv/gconv-modules.cache
7fb57a917000-7fb57a919000 rw-p 00000000 00:00 0 
7fb57a919000-7fb57a91a000 r--p 00025000 08:04 795158                     /lib/x86_64-linux-gnu/ld-2.23.so
7fb57a91a000-7fb57a91b000 rw-p 00026000 08:04 795158                     /lib/x86_64-linux-gnu/ld-2.23.so
7fb57a91b000-7fb57a91c000 rw-p 00000000 00:00 0 
7fff53309000-7fff5330c000 ---p 00000000 00:00 0 
7fff5330c000-7fff53409000 rw-p 00000000 00:00 0                          [stack]
7fff535bb000-7fff535bd000 r--p 00000000 00:00 0                          [vvar]
7fff535bd000-7fff535bf000 r-xp 00000000 00:00 0                          [vdso]
ffffffffff600000-ffffffffff601000 r-xp 00000000 00:00 0                  [vsyscall]

VM Arguments:
jvm_args: -Xmx4g -Xrs vfprintf exit 
java_command: <unknown>
java_class_path (initial): /usr/lib/R/site-library/rJava/java/boot
Launcher Type: generic

Environment Variables:
PATH=/home/moh/bin:/home/moh/.local/bin:/usr/local/sbin:/usr/local/bin:/usr/sbin:/usr/bin:/sbin:/bin:/usr/games:/usr/local/games:/snap/bin
LD_LIBRARY_PATH=/usr/lib/R/lib::/lib:/usr/lib/x86_64-linux-gnu:/usr/lib/jvm/default-java/jre/lib/amd64/server:@JAVA_LD@
SHELL=/bin/bash
DISPLAY=:0

Signal Handlers:
SIGSEGV: [libjvm.so+0xa6ad10], sa_mask[0]=11111111011111111101111111111110, sa_flags=SA_RESTART|SA_SIGINFO
SIGBUS: [libjvm.so+0xa6ad10], sa_mask[0]=11111111011111111101111111111110, sa_flags=SA_RESTART|SA_SIGINFO
SIGFPE: [libjvm.so+0x8b3bc0], sa_mask[0]=11111111011111111101111111111110, sa_flags=SA_RESTART|SA_SIGINFO
SIGPIPE: [libjvm.so+0x8b3bc0], sa_mask[0]=11111111011111111101111111111110, sa_flags=SA_RESTART|SA_SIGINFO
SIGXFSZ: [libjvm.so+0x8b3bc0], sa_mask[0]=11111111011111111101111111111110, sa_flags=SA_RESTART|SA_SIGINFO
SIGILL: [libjvm.so+0x8b3bc0], sa_mask[0]=11111111011111111101111111111110, sa_flags=SA_RESTART|SA_SIGINFO
SIGUSR1: SIG_IGN, sa_mask[0]=00000000000000000000000000000000, sa_flags=none
SIGUSR2: [libjvm.so+0x8b3a70], sa_mask[0]=00000000000000000000000000000000, sa_flags=SA_RESTART|SA_SIGINFO
SIGHUP: SIG_DFL, sa_mask[0]=00000000000000000000000000000000, sa_flags=none
SIGINT: SIG_DFL, sa_mask[0]=00000000000000000000000000000000, sa_flags=none
SIGTERM: SIG_DFL, sa_mask[0]=00000000000000000000000000000000, sa_flags=none
SIGQUIT: SIG_DFL, sa_mask[0]=00000000000000000000000000000000, sa_flags=none


---------------  S Y S T E M  ---------------

OS:DISTRIB_ID=Ubuntu
DISTRIB_RELEASE=16.04
DISTRIB_CODENAME=xenial
DISTRIB_DESCRIPTION="Ubuntu 16.04.2 LTS"

uname:Linux 4.10.0-32-generic #36~16.04.1-Ubuntu SMP Wed Aug 9 09:19:02 UTC 2017 x86_64
libc:glibc 2.23 NPTL 2.23 
rlimit: STACK 8192k, CORE 0k, NPROC 30585, NOFILE 1048576, AS infinity
load average:4.62 14.56 12.23

/proc/meminfo:
MemTotal:        8079140 kB
MemFree:          147012 kB
MemAvailable:     137520 kB
Buffers:            2468 kB
Cached:          1684252 kB
SwapCached:            0 kB
Active:          6049684 kB
Inactive:        1589796 kB
Active(anon):    5955140 kB
Inactive(anon):  1496868 kB
Active(file):      94544 kB
Inactive(file):    92928 kB
Unevictable:          16 kB
Mlocked:              16 kB
SwapTotal:             0 kB
SwapFree:              0 kB
Dirty:                20 kB
Writeback:             0 kB
AnonPages:       5953072 kB
Mapped:           652516 kB
Shmem:           1498704 kB
Slab:             165668 kB
SReclaimable:      56980 kB
SUnreclaim:       108688 kB
KernelStack:       11856 kB
PageTables:        52616 kB
NFS_Unstable:          0 kB
Bounce:                0 kB
WritebackTmp:          0 kB
CommitLimit:     4039568 kB
Committed_AS:   13231432 kB
VmallocTotal:   34359738367 kB
VmallocUsed:           0 kB
VmallocChunk:          0 kB
HardwareCorrupted:     0 kB
AnonHugePages:   2203648 kB
ShmemHugePages:        0 kB
ShmemPmdMapped:        0 kB
CmaTotal:              0 kB
CmaFree:               0 kB
HugePages_Total:       0
HugePages_Free:        0
HugePages_Rsvd:        0
HugePages_Surp:        0
Hugepagesize:       2048 kB
DirectMap4k:      170628 kB
DirectMap2M:     8124416 kB
DirectMap1G:           0 kB


CPU:total 8 (initial active 8) (4 cores per cpu, 2 threads per core) family 6 model 70 stepping 1, cmov, cx8, fxsr, mmx, sse, sse2, sse3, ssse3, sse4.1, sse4.2, popcnt, avx, avx2, aes, clmul, erms, lzcnt, ht, tsc, tscinvbit, bmi1, bmi2

/proc/cpuinfo:
processor	: 0
vendor_id	: GenuineIntel
cpu family	: 6
model		: 70
model name	: Intel(R) Core(TM) i7-4750HQ CPU @ 2.00GHz
stepping	: 1
microcode	: 0x12
cpu MHz		: 1399.902
cache size	: 6144 KB
physical id	: 0
siblings	: 8
core id		: 0
cpu cores	: 4
apicid		: 0
initial apicid	: 0
fpu		: yes
fpu_exception	: yes
cpuid level	: 13
wp		: yes
flags		: fpu vme de pse tsc msr pae mce cx8 apic sep mtrr pge mca cmov pat pse36 clflush dts acpi mmx fxsr sse sse2 ss ht tm pbe syscall nx pdpe1gb rdtscp lm constant_tsc arch_perfmon pebs bts rep_good nopl xtopology nonstop_tsc aperfmperf pni pclmulqdq dtes64 monitor ds_cpl vmx est tm2 ssse3 sdbg fma cx16 xtpr pdcm pcid sse4_1 sse4_2 x2apic movbe popcnt tsc_deadline_timer aes xsave avx f16c rdrand lahf_lm abm epb tpr_shadow vnmi flexpriority ept vpid fsgsbase tsc_adjust bmi1 avx2 smep bmi2 erms invpcid xsaveopt dtherm ida arat pln pts
bugs		:
bogomips	: 3990.83
clflush size	: 64
cache_alignment	: 64
address sizes	: 39 bits physical, 48 bits virtual
power management:

processor	: 1
vendor_id	: GenuineIntel
cpu family	: 6
model		: 70
model name	: Intel(R) Core(TM) i7-4750HQ CPU @ 2.00GHz
stepping	: 1
microcode	: 0x12
cpu MHz		: 1400.024
cache size	: 6144 KB
physical id	: 0
siblings	: 8
core id		: 1
cpu cores	: 4
apicid		: 2
initial apicid	: 2
fpu		: yes
fpu_exception	: yes
cpuid level	: 13
wp		: yes
flags		: fpu vme de pse tsc msr pae mce cx8 apic sep mtrr pge mca cmov pat pse36 clflush dts acpi mmx fxsr sse sse2 ss ht tm pbe syscall nx pdpe1gb rdtscp lm constant_tsc arch_perfmon pebs bts rep_good nopl xtopology nonstop_tsc aperfmperf pni pclmulqdq dtes64 monitor ds_cpl vmx est tm2 ssse3 sdbg fma cx16 xtpr pdcm pcid sse4_1 sse4_2 x2apic movbe popcnt tsc_deadline_timer aes xsave avx f16c rdrand lahf_lm abm epb tpr_shadow vnmi flexpriority ept vpid fsgsbase tsc_adjust bmi1 avx2 smep bmi2 erms invpcid xsaveopt dtherm ida arat pln pts
bugs		:
bogomips	: 3990.83
clflush size	: 64
cache_alignment	: 64
address sizes	: 39 bits physical, 48 bits virtual
power management:

processor	: 2
vendor_id	: GenuineIntel
cpu family	: 6
model		: 70
model name	: Intel(R) Core(TM) i7-4750HQ CPU @ 2.00GHz
stepping	: 1
microcode	: 0x12
cpu MHz		: 1399.902
cache size	: 6144 KB
physical id	: 0
siblings	: 8
core id		: 2
cpu cores	: 4
apicid		: 4
initial apicid	: 4
fpu		: yes
fpu_exception	: yes
cpuid level	: 13
wp		: yes
flags		: fpu vme de pse tsc msr pae mce cx8 apic sep mtrr pge mca cmov pat pse36 clflush dts acpi mmx fxsr sse sse2 ss ht tm pbe syscall nx pdpe1gb rdtscp lm constant_tsc arch_perfmon pebs bts rep_good nopl xtopology nonstop_tsc aperfmperf pni pclmulqdq dtes64 monitor ds_cpl vmx est tm2 ssse3 sdbg fma cx16 xtpr pdcm pcid sse4_1 sse4_2 x2apic movbe popcnt tsc_deadline_timer aes xsave avx f16c rdrand lahf_lm abm epb tpr_shadow vnmi flexpriority ept vpid fsgsbase tsc_adjust bmi1 avx2 smep bmi2 erms invpcid xsaveopt dtherm ida arat pln pts
bugs		:
bogomips	: 3990.83
clflush size	: 64
cache_alignment	: 64
address sizes	: 39 bits physical, 48 bits virtual
power management:

processor	: 3
vendor_id	: GenuineIntel
cpu family	: 6
model		: 70
model name	: Intel(R) Core(TM) i7-4750HQ CPU @ 2.00GHz
stepping	: 1
microcode	: 0x12
cpu MHz		: 1400.024
cache size	: 6144 KB
physical id	: 0
siblings	: 8
core id		: 3
cpu cores	: 4
apicid		: 6
initial apicid	: 6
fpu		: yes
fpu_exception	: yes
cpuid level	: 13
wp		: yes
flags		: fpu vme de pse tsc msr pae mce cx8 apic sep mtrr pge mca cmov pat pse36 clflush dts acpi mmx fxsr sse sse2 ss ht tm pbe syscall nx pdpe1gb rdtscp lm constant_tsc arch_perfmon pebs bts rep_good nopl xtopology nonstop_tsc aperfmperf pni pclmulqdq dtes64 monitor ds_cpl vmx est tm2 ssse3 sdbg fma cx16 xtpr pdcm pcid sse4_1 sse4_2 x2apic movbe popcnt tsc_deadline_timer aes xsave avx f16c rdrand lahf_lm abm epb tpr_shadow vnmi flexpriority ept vpid fsgsbase tsc_adjust bmi1 avx2 smep bmi2 erms invpcid xsaveopt dtherm ida arat pln pts
bugs		:
bogomips	: 3990.83
clflush size	: 64
cache_alignment	: 64
address sizes	: 39 bits physical, 48 bits virtual
power management:

processor	: 4
vendor_id	: GenuineIntel
cpu family	: 6
model		: 70
model name	: Intel(R) Core(TM) i7-4750HQ CPU @ 2.00GHz
stepping	: 1
microcode	: 0x12
cpu MHz		: 1399.902
cache size	: 6144 KB
physical id	: 0
siblings	: 8
core id		: 0
cpu cores	: 4
apicid		: 1
initial apicid	: 1
fpu		: yes
fpu_exception	: yes
cpuid level	: 13
wp		: yes
flags		: fpu vme de pse tsc msr pae mce cx8 apic sep mtrr pge mca cmov pat pse36 clflush dts acpi mmx fxsr sse sse2 ss ht tm pbe syscall nx pdpe1gb rdtscp lm constant_tsc arch_perfmon pebs bts rep_good nopl xtopology nonstop_tsc aperfmperf pni pclmulqdq dtes64 monitor ds_cpl vmx est tm2 ssse3 sdbg fma cx16 xtpr pdcm pcid sse4_1 sse4_2 x2apic movbe popcnt tsc_deadline_timer aes xsave avx f16c rdrand lahf_lm abm epb tpr_shadow vnmi flexpriority ept vpid fsgsbase tsc_adjust bmi1 avx2 smep bmi2 erms invpcid xsaveopt dtherm ida arat pln pts
bugs		:
bogomips	: 3990.83
clflush size	: 64
cache_alignment	: 64
address sizes	: 39 bits physical, 48 bits virtual
power management:

processor	: 5
vendor_id	: GenuineIntel
cpu family	: 6
model		: 70
model name	: Intel(R) Core(TM) i7-4750HQ CPU @ 2.00GHz
stepping	: 1
microcode	: 0x12
cpu MHz		: 1400.146
cache size	: 6144 KB
physical id	: 0
siblings	: 8
core id		: 1
cpu cores	: 4
apicid		: 3
initial apicid	: 3
fpu		: yes
fpu_exception	: yes
cpuid level	: 13
wp		: yes
flags		: fpu vme de pse tsc msr pae mce cx8 apic sep mtrr pge mca cmov pat pse36 clflush dts acpi mmx fxsr sse sse2 ss ht tm pbe syscall nx pdpe1gb rdtscp lm constant_tsc arch_perfmon pebs bts rep_good nopl xtopology nonstop_tsc aperfmperf pni pclmulqdq dtes64 monitor ds_cpl vmx est tm2 ssse3 sdbg fma cx16 xtpr pdcm pcid sse4_1 sse4_2 x2apic movbe popcnt tsc_deadline_timer aes xsave avx f16c rdrand lahf_lm abm epb tpr_shadow vnmi flexpriority ept vpid fsgsbase tsc_adjust bmi1 avx2 smep bmi2 erms invpcid xsaveopt dtherm ida arat pln pts
bugs		:
bogomips	: 3990.83
clflush size	: 64
cache_alignment	: 64
address sizes	: 39 bits physical, 48 bits virtual
power management:

processor	: 6
vendor_id	: GenuineIntel
cpu family	: 6
model		: 70
model name	: Intel(R) Core(TM) i7-4750HQ CPU @ 2.00GHz
stepping	: 1
microcode	: 0x12
cpu MHz		: 1399.780
cache size	: 6144 KB
physical id	: 0
siblings	: 8
core id		: 2
cpu cores	: 4
apicid		: 5
initial apicid	: 5
fpu		: yes
fpu_exception	: yes
cpuid level	: 13
wp		: yes
flags		: fpu vme de pse tsc msr pae mce cx8 apic sep mtrr pge mca cmov pat pse36 clflush dts acpi mmx fxsr sse sse2 ss ht tm pbe syscall nx pdpe1gb rdtscp lm constant_tsc arch_perfmon pebs bts rep_good nopl xtopology nonstop_tsc aperfmperf pni pclmulqdq dtes64 monitor ds_cpl vmx est tm2 ssse3 sdbg fma cx16 xtpr pdcm pcid sse4_1 sse4_2 x2apic movbe popcnt tsc_deadline_timer aes xsave avx f16c rdrand lahf_lm abm epb tpr_shadow vnmi flexpriority ept vpid fsgsbase tsc_adjust bmi1 avx2 smep bmi2 erms invpcid xsaveopt dtherm ida arat pln pts
bugs		:
bogomips	: 3990.83
clflush size	: 64
cache_alignment	: 64
address sizes	: 39 bits physical, 48 bits virtual
power management:

processor	: 7
vendor_id	: GenuineIntel
cpu family	: 6
model		: 70
model name	: Intel(R) Core(TM) i7-4750HQ CPU @ 2.00GHz
stepping	: 1
microcode	: 0x12
cpu MHz		: 1400.512
cache size	: 6144 KB
physical id	: 0
siblings	: 8
core id		: 3
cpu cores	: 4
apicid		: 7
initial apicid	: 7
fpu		: yes
fpu_exception	: yes
cpuid level	: 13
wp		: yes
flags		: fpu vme de pse tsc msr pae mce cx8 apic sep mtrr pge mca cmov pat pse36 clflush dts acpi mmx fxsr sse sse2 ss ht tm pbe syscall nx pdpe1gb rdtscp lm constant_tsc arch_perfmon pebs bts rep_good nopl xtopology nonstop_tsc aperfmperf pni pclmulqdq dtes64 monitor ds_cpl vmx est tm2 ssse3 sdbg fma cx16 xtpr pdcm pcid sse4_1 sse4_2 x2apic movbe popcnt tsc_deadline_timer aes xsave avx f16c rdrand lahf_lm abm epb tpr_shadow vnmi flexpriority ept vpid fsgsbase tsc_adjust bmi1 avx2 smep bmi2 erms invpcid xsaveopt dtherm ida arat pln pts
bugs		:
bogomips	: 3990.83
clflush size	: 64
cache_alignment	: 64
address sizes	: 39 bits physical, 48 bits virtual
power management:



Memory: 4k page, physical 8079140k(147012k free), swap 0k(0k free)

vm_info: OpenJDK 64-Bit Server VM (25.131-b11) for linux-amd64 JRE (1.8.0_131-8u131-b11-2ubuntu1.16.04.3-b11), built on Jul 28 2017 01:23:32 by "buildd" with gcc 5.4.0 20160609

time: Sat Sep  2 20:43:23 2017
elapsed time: 76 seconds (0d 0h 1m 16s)

